18. Repo: allskystar/ECUI
	File: svg.js
	URL: https://github.com/allskystar/ECUI/blob/05aae9000e520cc409567b40833d7314ce457f65/svg.js
	Vulnerable Pattern: document.write
	Attack Description: document.write injects content into the DOM, which can be exploited to add malicious JavaScript code.
	Vulnerable Code Snippet:
var ecui;
(function () {
    document.write('<script type="text/javascript" src="src/adapter.js"></script>');
    document.write('<script type="text/javascript" src="src/core.js"></script>');
    document.write('<script type="text/javascript" src="src/control.js"></script>');
    document.write('<script type="text/javascript" src="src/svg/svg.js"></script>');
    document.write('<script type="text/javascript" src="src/svg/y-v-axis.js"></script>');
//{if 0}//
Step-by-Step Attack Scenario:
			1. The vulnerable code is found in the following file:
var ecui;
(function () {
    document.write('<script type="text/javascript" src="src/adapter.js"></script>');
    document.write('<script type="text/javascript" src="src/core.js"></script>');
    document.write('<script type="text/javascript" src="src/control.js"></script>');
    document.write('<script type="text/javascript" src="src/svg/svg.js"></script>');
    document.write('<script type="text/javascript" src="src/svg/y-v-axis.js"></script>');
//{if 0}//
			2. An attacker could inject a malicious script where the `document.write` pattern is used, exploiting this specific function in the code.
			3. For instance, an attacker might craft a payload like `<script>alert('XSS')</script>`, which would get injected here:
var ecui;
(function () {
    document.write('<script type="text/javascript" src="src/adapter.js"><script>alert("XSS")</script></script>');
    document.write('<script type="text/javascript" src="src/core.js"></script>');
    document.write('<script type="text/javascript" src="src/control.js"></script>');
    document.write('<script type="text/javascript" src="src/svg/svg.js"></script>');
    document.write('<script type="text/javascript" src="src/svg/y-v-axis.js"></script>');
//{if 0}//
			4. When the browser renders this code, the malicious script executes, leading to an XSS attack.
