15. Repo: BinRoot/Haskell-Lectures
	File: nav.js
	URL: https://github.com/BinRoot/Haskell-Lectures/blob/a742531cefc86d0f3f9a2a36f3cbe9018cf02b4d/nav.js
	Vulnerable Pattern: document.write
	Attack Description: document.write injects content into the DOM, which can be exploited to add malicious JavaScript code.
	Vulnerable Code Snippet:
document.write('\
        <div style="font-family: \'Ubuntu\', sans-serif; font-size:14px;" class="navbar navbar-inverse navbar-fixed-top">\
            <div class="navbar-inner">\
                <div class="container">\
                    <a class="btn btn-navbar" data-toggle="collapse" data-target=".nav-collapse">\
                        <span class="icon-bar"></span>\
Step-by-Step Attack Scenario:
			1. The vulnerable code is found in the following file:
document.write('\
        <div style="font-family: \'Ubuntu\', sans-serif; font-size:14px;" class="navbar navbar-inverse navbar-fixed-top">\
            <div class="navbar-inner">\
                <div class="container">\
                    <a class="btn btn-navbar" data-toggle="collapse" data-target=".nav-collapse">\
                        <span class="icon-bar"></span>\
			2. An attacker could inject a malicious script where the `document.write` pattern is used, exploiting this specific function in the code.
			3. For instance, an attacker might craft a payload like `<script>alert('XSS')</script>`, which would get injected here:
document.write('\
        <div style="font-family: \'Ubuntu\', sans-serif; font-size:14px;" class="navbar navbar-inverse navbar-fixed-top"><script>alert("XSS")</script>\
            <div class="navbar-inner">\
                <div class="container">\
                    <a class="btn btn-navbar" data-toggle="collapse" data-target=".nav-collapse">\
                        <span class="icon-bar"></span>\
			4. When the browser renders this code, the malicious script executes, leading to an XSS attack.
