26. Repo: pasiaj/SVGPathAnim
	File: app.js
	URL: https://github.com/pasiaj/SVGPathAnim/blob/dc46f9db180b2e452b9187ab760521e093310c34/app.js
	Vulnerable Pattern: outerHTML
	Attack Description: outerHTML injects HTML into the DOM, allowing attackers to replace elements with malicious code.
	Vulnerable Code Snippet:

    prevOffset = offset;
}

/*
 * Return outerHTML for the first element in a jQuery object,
 * or an empty string if the jQuery object is empty;
 */
jQuery.fn.outerHTML = function() {
   return (this[0]) ? this[0].outerHTML : '';
};
Step-by-Step Attack Scenario:
			1. The vulnerable code is found in the following file:

    prevOffset = offset;
}

/*
 * Return outerHTML for the first element in a jQuery object,
 * or an empty string if the jQuery object is empty;
 */
jQuery.fn.outerHTML = function() {
   return (this[0]) ? this[0].outerHTML : '';
};
			2. An attacker could inject a malicious script where the `outerHTML` pattern is used, exploiting this specific function in the code.
			3. For instance, an attacker might craft a payload like `<script>alert('XSS')</script>`, which would get injected here:

    prevOffset = offset;
}

/*
 * Return outerHTML for the first element in a jQuery object,
 * or an empty string if the jQuery object is empty;
 */
jQuery.fn.outerHTML = function() {
   return (this[0]) ? this[0].outerHTML : '';
};
			4. When the browser renders this code, the malicious script executes, leading to an XSS attack.
