Chair Demon Found following XSS vulnerabilities:
===
0. Repo: o0101/vanillaview
        file: r.js
        url: https://github.com/o0101/vanillaview/blob/97638d90ae35ec8d1038894a411147ae11923b58/r.js
1. Repo: DisK0nn3cT/CookieCatcher
        file: x.js
        url: https://github.com/DisK0nn3cT/CookieCatcher/blob/94ebb9e4c127a56a5ab587637a8ddbcab814dfea/x.js
2. Repo: malko/l.js
        file: l.js
        url: https://github.com/malko/l.js/blob/d3d3e21738a0b64582abed8d4ab63e602cc547a2/l.js
3. Repo: zserge/q
        file: q.js
        url: https://github.com/zserge/q/blob/6206173e2753168c258ec6044caafdd4b0d0e9f0/q.js
4. Repo: DLarisa/FMI-Materials-BachelorDegree-UniBuc
        file: 2.js
        url: https://github.com/DLarisa/FMI-Materials-BachelorDegree-UniBuc/blob/d0fca0b1dfa3d6768fe78de72ffa7db009539edb/Tehnici%20Web%20(TW)/Proiect/2.js
5. Repo: winkjs/showcase-wiz
        file: a.js
        url: https://github.com/winkjs/showcase-wiz/blob/6beb135f161fbcfe335c5bcb68dbfd3058d3424f/a.js
6. Repo: EGreg/Q.js
        file: Q.js
        url: https://github.com/EGreg/Q.js/blob/176452accd82e74630aedc48c6a90de725bb4129/Q.js
7. Repo: xsuperbug/payloads
        file: XSS
        url: https://github.com/xsuperbug/payloads/blob/ec3c467c3d9353ffe05430529f6b724fd56b4017/XSS
8. Repo: davidmarkclements/Respondu
        file: R.js
        url: https://github.com/davidmarkclements/Respondu/blob/20ebb72a865c57063303cc3a5fc53fd8e2d5c9b2/R.js
9. Repo: shaikhsufyan/Basic-To-Advance-JavaScript-Project
        file: w.js
        url: https://github.com/shaikhsufyan/Basic-To-Advance-JavaScript-Project/blob/9d2e4ee5991f8b43248c0423575ad6a33df5a8c9/Weather%20App/w.js
10. Repo: ebrehault/resurrectio
        file: doc.js
        url: https://github.com/ebrehault/resurrectio/blob/fd12bbdfc1d24cf60f0fb8f809e4c805b569bc3e/doc.js
11. Repo: yosefk/cpp-fqa
        file: ga.js
        url: https://github.com/yosefk/cpp-fqa/blob/1b2a1a70526e80bb2d00ed5f62890f6d1ac8e63c/ga.js
12. Repo: play-co/js.io
        file: jsio
        url: https://github.com/play-co/js.io/blob/369377ea92b4c9b41e6e646c1afaa785b598a753/jsio
13. Repo: HSJared/Social-Network
        file: js.js
        url: https://github.com/HSJared/Social-Network/blob/ed4fc8cd7c4a925991af3f085d05be55a0100b51/js.js
14. Repo: BinRoot/Haskell-Lectures
        file: nav.js
        url: https://github.com/BinRoot/Haskell-Lectures/blob/a742531cefc86d0f3f9a2a36f3cbe9018cf02b4d/nav.js
15. Repo: jes/cntdn
        file: ui.js
        url: https://github.com/jes/cntdn/blob/ab83b5108948244988bc4d806f5598bcc294d22a/ui.js
16. Repo: proquest/PME
        file: PME.js
        url: https://github.com/proquest/PME/blob/5b9048f30ba8116aca7eca9584cd6d3e09ff0b67/PME.js
17. Repo: allskystar/ECUI
        file: svg.js
        url: https://github.com/allskystar/ECUI/blob/05aae9000e520cc409567b40833d7314ce457f65/svg.js
18. Repo: tennc/xss
        file: xss.js
        url: https://github.com/tennc/xss/blob/e08b817a06565d107cb53b4c6f1f95d7168adc8f/xss.js
19. Repo: xsuperbug/payloads
        file: XSS
        url: https://github.com/xsuperbug/payloads/blob/ec3c467c3d9353ffe05430529f6b724fd56b4017/XSS
20. Repo: relevance/prototaculous
        file: env.js
        url: https://github.com/relevance/prototaculous/blob/8aaee246a492cd951e79daaf25c04bd1580313ca/jsspec/env.js
21. Repo: keyle/anyfnwhere
        file: knot.js
        url: https://github.com/keyle/anyfnwhere/blob/b284302a504e4424ee5bcee19dac5e71f6aeba93/libs/knot.js
22. Repo: rhysbrettbowen/G-closure
        file: g.js
        url: https://github.com/rhysbrettbowen/G-closure/blob/a5ef1a6d2cffa3fa4fb460dbf20f0369dde4c8e7/g.js
23. Repo: tianxiangbing/JY
        file: JY.js
        url: https://github.com/tianxiangbing/JY/blob/851fb259abe57c5316ed854f40e16b2b745081ab/JY.js
24. Repo: jdlrobson/Alexandria
        file: ssr.js
        url: https://github.com/jdlrobson/Alexandria/blob/58c70fb5bc1f725a78293c975d9f6cc9e295c2bf/ssr.js
25. Repo: pasiaj/SVGPathAnim
        file: app.js
        url: https://github.com/pasiaj/SVGPathAnim/blob/dc46f9db180b2e452b9187ab760521e093310c34/app.js
26. Repo: kaeverens/kvwebme
        file: js.js
        url: https://github.com/kaeverens/kvwebme/blob/9b27cab38d031b667ab6375a5605ee937ed26b3f/j/js.js
27. Repo: Schniz/functional-programming-talk-examples
        file: main.js
        url: https://github.com/Schniz/functional-programming-talk-examples/blob/2edda3202679a2e60471fcb71a5ec00eb6fb8bf3/main.js
28. Repo: rbkreisberg/visquick
        file: vq.js
        url: https://github.com/rbkreisberg/visquick/blob/31771a1b1611e05f0a93e7d2c5b10de6fe63fe53/vq.js
29. Repo: mPhpMaster/UnderZ
        file: _z.js
        url: https://github.com/mPhpMaster/UnderZ/blob/0cdd57216db7ff3f8eee4778ee6adf55699fa742/_z.js
30. Repo: romeojeremiah/javascript-projects-for-beginners
        file: app.js
        url: https://github.com/romeojeremiah/javascript-projects-for-beginners/blob/6f92f4b1f7bc24c3488199d5ed53034d714287aa/Desktop%20Calculator/app.js
31. Repo: sec-an/Better-Auto-XXQG
        file: 0.js
        url: https://github.com/sec-an/Better-Auto-XXQG/blob/796a043a8193a9445c7f530fecb56f79d00dea0e/0.js
32. Repo: manuel/wat-js
        file: vm.js
        url: https://github.com/manuel/wat-js/blob/32c4d89f5636ef26989b5557c897e74103f21ad2/vm.js
33. Repo: danielstjules/wsc
        file: wsc
        url: https://github.com/danielstjules/wsc/blob/348c7acbbddc6cbc68f323f3ed729bbbc29c4f25/wsc
34. Repo: rpwnage/pwn-my
        file: 14.6.js
        url: https://github.com/rpwnage/pwn-my/blob/87a04148319087e8cbb7c6b6a505ed1d4b3f9404/source/js/exploits/14.6.js
35. Repo: serprex/luwa
        file: ui.js
        url: https://github.com/serprex/luwa/blob/8e4852e13e56b7ece875360e31bc01a128c762ed/ui.js
36. Repo: hugh-bowie/instagram-bot
        file: hb.js
        url: https://github.com/hugh-bowie/instagram-bot/blob/36580d1a5e9a7a3b23eb69f77d657f1722b023f1/hb.js
37. Repo: xsuperbug/payloads
        file: XSS
        url: https://github.com/xsuperbug/payloads/blob/ec3c467c3d9353ffe05430529f6b724fd56b4017/XSS
38. Repo: EGreg/Q.js
        file: Q.js
        url: https://github.com/EGreg/Q.js/blob/176452accd82e74630aedc48c6a90de725bb4129/Q.js
39. Repo: SomeBottle/OBottle
        file: f.js
        url: https://github.com/SomeBottle/OBottle/blob/933f225c459c7b8d9052b3d07ee832c58e7583ca/c/f.js
40. Repo: wendux/fly
        file: _.js
        url: https://github.com/wendux/fly/blob/fced928bfe7449d0fa18d5fea466cce1e3bda465/_.js
41. Repo: i5ting/asynchronous-flow-control
        file: 2.js
        url: https://github.com/i5ting/asynchronous-flow-control/blob/6946a23a85e8f8acc3a85b49d5c1a15ae5378d83/2.js
42. Repo: romanmatiasko/reti-chess
        file: io.js
        url: https://github.com/romanmatiasko/reti-chess/blob/1d343f914d83bffd9357a6d34b4705fd8d74c59d/io.js
43. Repo: xem/W
        file: w.js
        url: https://github.com/xem/W/blob/c5b6fb7d6937d43b1596dded857acade426bd631/w.js
44. Repo: EGreg/Q.js
        file: Q.js
        url: https://github.com/EGreg/Q.js/blob/176452accd82e74630aedc48c6a90de725bb4129/Q.js
45. Repo: xsuperbug/payloads
        file: XSS
        url: https://github.com/xsuperbug/payloads/blob/ec3c467c3d9353ffe05430529f6b724fd56b4017/XSS
46. Repo: Sjj1024/douyin-live
        file: 1.js
        url: https://github.com/Sjj1024/douyin-live/blob/3543164002dd066924db33bab01763bb736afa06/assets/js/1.js
47. Repo: dexie/dexie-website
        file: sw.js
        url: https://github.com/dexie/dexie-website/blob/0cb1da6f1200985c4602bfdc225fa7435d285c1b/sw.js
48. Repo: shapetrees/test-suite
        file: t.js
        url: https://github.com/shapetrees/test-suite/blob/6853bb0fb5ddcc1cd511a207c567cc9df18088da/t.js
49. Repo: o0101/-
        file: -.js
        url: https://github.com/o0101/-/blob/7033623c9e997ec35e5c27a68638f3a62f55199d/-.js
50. Repo: anuragverma108/SwapReads
        file: e.js
        url: https://github.com/anuragverma108/SwapReads/blob/636e992425af5b23bd219ce432ebaf3f276f8a59/e.js
51. Repo: romanmatiasko/reti-chess
        file: io.js
        url: https://github.com/romanmatiasko/reti-chess/blob/1d343f914d83bffd9357a6d34b4705fd8d74c59d/io.js
52. Repo: libp2p/js-libp2p-examples
        file: 1.js
        url: https://github.com/libp2p/js-libp2p-examples/blob/80bdaa7bc11750df6d037a4cf8b3f37ac8c921a4/examples/js-libp2p-example-pubsub/1.js
53. Repo: jasnell/broken-promises
        file: a.js
        url: https://github.com/jasnell/broken-promises/blob/08f2f85e5308b03d6ff009670234501baea5c067/a.js
54. Repo: sdgluck/werd
        file: cli
        url: https://github.com/sdgluck/werd/blob/1b1de9b28c7b623d806dab33ac4d4cf9b672224b/cli
55. Repo: ssbc/ssb-db
        file: db.js
        url: https://github.com/ssbc/ssb-db/blob/18ce13af132456434ad62340784fe2b456c14a8c/db.js
56. Repo: ivanseidel/IAMDinosaur
        file: UI.js
        url: https://github.com/ivanseidel/IAMDinosaur/blob/a3737740ad6e18eb3260f9c32d1070102abc4f5e/UI.js
57. Repo: EGreg/Q.js
        file: Q.js
        url: https://github.com/EGreg/Q.js/blob/176452accd82e74630aedc48c6a90de725bb4129/Q.js
58. Repo: charredUtensil/cnide
        file: ui.js
        url: https://github.com/charredUtensil/cnide/blob/e1e1b7609d8b6261853c95f15253b33bc06bb59e/ui.js
59. Repo: claudioc/jingo
        file: jingo
        url: https://github.com/claudioc/jingo/blob/10079c22d6cb66cfa0e7a91742c631fa0a153bd4/jingo