96. Repo: abdul97233/fb-chat-bot
	File: fb.py
	URL: https://github.com/abdul97233/fb-chat-bot/blob/856c9f8943d992a6cccdb0bd7d83741034e49a4c/fb.py
	Vulnerable Pattern: execute(
	Attack Description: Direct execution of SQL queries with string concatenation can lead to SQL injection.
	Vulnerable Code Snippet:
            pass
        else:
            try:
                conn = sqlite3.connect("messages.db")
                c = conn.cursor()
                c.execute("""
                CREATE TABLE IF NOT EXISTS "{}" (
                    mid text PRIMARY KEY,
                    message text NOT NULL
                );

Step-by-Step Attack Scenario:
			1. The vulnerable code is found in the following file:
            pass
        else:
            try:
                conn = sqlite3.connect("messages.db")
                c = conn.cursor()
                c.execute("""
                CREATE TABLE IF NOT EXISTS "{}" (
                    mid text PRIMARY KEY,
                    message text NOT NULL
                );

			2. An attacker could inject malicious SQL commands where the `execute(` pattern is used.
			3. For example, an attacker might craft a payload like:
Original intended input:
    user_input = "valid_input"

    Malicious input example:
    user_input = "' OR '1'='1"

    Resulting query transformation:
    Original: SELECT * FROM table WHERE field = 'valid_input'
    Malicious: SELECT * FROM table WHERE field = '' OR '1'='1'
    # This would bypass authentication or return all records
			4. When this malicious input is processed, the SQL query structure would be altered, potentially exposing or modifying sensitive data.
