109. Repo: afiskon/py-vm
	File: vm
	URL: https://github.com/afiskon/py-vm/blob/446b7d553172cfb03fc428d418ebf065eaebc661/vm
	Vulnerable Pattern: .format(
	Attack Description: Using .format() for SQL queries can be vulnerable to SQL injection if user input is not properly sanitized.
	Vulnerable Code Snippet:
def validate_str(arg):
    if arg is None:
        return None
    if not re.match("""^[A-Za-z0-9_\.-]{1,32}$""", arg):
        sys.exit(
            """Bad argument '{}' - should be [A-Za-z90-9_\.-] and no longer than 32 characters""".format(arg))
    return arg


def validate_num(num):
    if num is None:
Step-by-Step Attack Scenario:
			1. The vulnerable code is found in the following file:
def validate_str(arg):
    if arg is None:
        return None
    if not re.match("""^[A-Za-z0-9_\.-]{1,32}$""", arg):
        sys.exit(
            """Bad argument '{}' - should be [A-Za-z90-9_\.-] and no longer than 32 characters""".format(arg))
    return arg


def validate_num(num):
    if num is None:
			2. An attacker could inject malicious SQL commands where the `.format(` pattern is used.
			3. For example, an attacker might craft a payload like:
Original intended input:
    user_input = "valid_input"

    Malicious input example:
    user_input = "' OR '1'='1"

    Resulting query transformation:
    Original: SELECT * FROM table WHERE field = 'valid_input'
    Malicious: SELECT * FROM table WHERE field = '' OR '1'='1'
    # This would bypass authentication or return all records
			4. When this malicious input is processed, the SQL query structure would be altered, potentially exposing or modifying sensitive data.
