36. Repo: andrewchambers/kvdb
	File: kvdb
	URL: https://github.com/andrewchambers/kvdb/blob/fc185777fba71a52bf107d0eb7f713fc64e7ef1b/kvdb
	Vulnerable Pattern: execute(
	Attack Description: Direct execution of SQL queries with string concatenation can lead to SQL injection.
	Vulnerable Code Snippet:

args = vars(parser.parse_args())

conn = sqlite3.connect(args['db'])
c = conn.cursor()
c.execute("CREATE TABLE IF NOT EXISTS Data (Key TEXT UNIQUE, Value TEXT);")

rc = 0

if args['sub'] == 'set':
    value = args["set_value"]
Step-by-Step Attack Scenario:
			1. The vulnerable code is found in the following file:

args = vars(parser.parse_args())

conn = sqlite3.connect(args['db'])
c = conn.cursor()
c.execute("CREATE TABLE IF NOT EXISTS Data (Key TEXT UNIQUE, Value TEXT);")

rc = 0

if args['sub'] == 'set':
    value = args["set_value"]
			2. An attacker could inject malicious SQL commands where the `execute(` pattern is used.
			3. For example, an attacker might craft a payload like:
Original intended input:
    user_input = "valid_input"

    Malicious input example:
    user_input = "' OR '1'='1"

    Resulting query transformation:
    Original: SELECT * FROM table WHERE field = 'valid_input'
    Malicious: SELECT * FROM table WHERE field = '' OR '1'='1'
    # This would bypass authentication or return all records
			4. When this malicious input is processed, the SQL query structure would be altered, potentially exposing or modifying sensitive data.
