7. Repo: baskerville/bin-linux
	File: cse
	URL: https://github.com/baskerville/bin-linux/blob/f90189ba453d1974c1f8ffaf4a4783734c1777fd/cse
	Vulnerable Pattern: execute(
	Attack Description: Direct execution of SQL queries with string concatenation can lead to SQL injection.
	Vulnerable Code Snippet:

kw = sys.argv[1]
terms = sys.argv[2:]
conn = sqlite3.connect(DBPATH)
cur = conn.cursor()
cur.execute("select url from keywords where keyword={!r}".format(kw))
resp = cur.fetchone()

if resp is not None:
    url = resp[0]
    print(url.format(searchTerms=quote(' '.join(terms))))
Step-by-Step Attack Scenario:
			1. The vulnerable code is found in the following file:

kw = sys.argv[1]
terms = sys.argv[2:]
conn = sqlite3.connect(DBPATH)
cur = conn.cursor()
cur.execute("select url from keywords where keyword={!r}".format(kw))
resp = cur.fetchone()

if resp is not None:
    url = resp[0]
    print(url.format(searchTerms=quote(' '.join(terms))))
			2. An attacker could inject malicious SQL commands where the `execute(` pattern is used.
			3. For example, an attacker might craft a payload like:
Original intended input:
    user_id = "123"

    Malicious input that could expose all users:
    user_id = "123 OR 1=1"

    Resulting query:
    SELECT * FROM users WHERE id = 123 OR 1=1
    # This would return all users instead of just user 123
			4. When this malicious input is processed, the SQL query structure would be altered, potentially exposing or modifying sensitive data.
