167. Repo: BurhanUlTayyab/EAST_Urdu-Arabic
	File: 1.py
	URL: https://github.com/BurhanUlTayyab/EAST_Urdu-Arabic/blob/a5235eed61732b4441682b83eefbc5d384f14233/1.py
	Vulnerable Pattern: .format(
	Attack Description: Using .format() for SQL queries can be vulnerable to SQL injection if user input is not properly sanitized.
	Vulnerable Code Snippet:

    sess = tf.Session(config=tf.ConfigProto(allow_soft_placement=True))

    ckpt_state = tf.train.get_checkpoint_state(checkpoint_path)
    model_path = os.path.join(checkpoint_path, os.path.basename(ckpt_state.model_checkpoint_path))
    logger.info('Restore from {}'.format(model_path))
    saver.restore(sess, model_path)

    def predictor(img):
        """
        :return: {
Step-by-Step Attack Scenario:
			1. The vulnerable code is found in the following file:

    sess = tf.Session(config=tf.ConfigProto(allow_soft_placement=True))

    ckpt_state = tf.train.get_checkpoint_state(checkpoint_path)
    model_path = os.path.join(checkpoint_path, os.path.basename(ckpt_state.model_checkpoint_path))
    logger.info('Restore from {}'.format(model_path))
    saver.restore(sess, model_path)

    def predictor(img):
        """
        :return: {
			2. An attacker could inject malicious SQL commands where the `.format(` pattern is used.
			3. For example, an attacker might craft a payload like:
Original intended input:
    user_input = "valid_input"

    Malicious input example:
    user_input = "' OR '1'='1"

    Resulting query transformation:
    Original: SELECT * FROM table WHERE field = 'valid_input'
    Malicious: SELECT * FROM table WHERE field = '' OR '1'='1'
    # This would bypass authentication or return all records
			4. When this malicious input is processed, the SQL query structure would be altered, potentially exposing or modifying sensitive data.
