145. Repo: bzEq/toolkit
	File: rpt
	URL: https://github.com/bzEq/toolkit/blob/201c7c4e5a0c1627372ef8a6e2cd38f658ae9feb/rpt
	Vulnerable Pattern: .format(
	Attack Description: Using .format() for SQL queries can be vulnerable to SQL injection if user input is not properly sanitized.
	Vulnerable Code Snippet:
    elif allocator == 'mimalloc':
        ext_LD_PRELOAD.add('libmimalloc.so')
    elif allocator == 'tcmalloc':
        ext_LD_PRELOAD.add('libtcmalloc.so')
    else:
        logging.error('Unsupported allocator: {}'.format(allocator))


def RunProgram(command):
    argv = ['env']
    argv.extend(ext_ENV)
Step-by-Step Attack Scenario:
			1. The vulnerable code is found in the following file:
    elif allocator == 'mimalloc':
        ext_LD_PRELOAD.add('libmimalloc.so')
    elif allocator == 'tcmalloc':
        ext_LD_PRELOAD.add('libtcmalloc.so')
    else:
        logging.error('Unsupported allocator: {}'.format(allocator))


def RunProgram(command):
    argv = ['env']
    argv.extend(ext_ENV)
			2. An attacker could inject malicious SQL commands where the `.format(` pattern is used.
			3. For example, an attacker might craft a payload like:
Original intended input:
    user_input = "valid_input"

    Malicious input example:
    user_input = "' OR '1'='1"

    Resulting query transformation:
    Original: SELECT * FROM table WHERE field = 'valid_input'
    Malicious: SELECT * FROM table WHERE field = '' OR '1'='1'
    # This would bypass authentication or return all records
			4. When this malicious input is processed, the SQL query structure would be altered, potentially exposing or modifying sensitive data.
