196. Repo: Celve/meteor
	File: test
	URL: https://github.com/Celve/meteor/blob/cc5340ca7e654726e397dc5a02cfcea93bba3865/test
	Vulnerable Pattern: .format(
	Attack Description: Using .format() for SQL queries can be vulnerable to SQL injection if user input is not properly sanitized.
	Vulnerable Code Snippet:
    with open(filename) as fd:
        right_exit_code = get_io_and_ec(fd)

    if "--asm" in build_options:
        os.system(
            "java -jar build/libs/meteor-all.jar {} < {} > debug/{}code/{}.s".format(' '.join(build_options), filename,
                                                                                     result_dir, tag))
        os.system(
            "ravel --enable-cache --input-file=debug/input.txt --output-file=debug/answer.txt debug/{}code/{}.s src/main/resources/builtin/builtin.s > debug/{}benchmark/{}.log 2> debug/ravel-error.log".format(
                result_dir,
                tag,
Step-by-Step Attack Scenario:
			1. The vulnerable code is found in the following file:
    with open(filename) as fd:
        right_exit_code = get_io_and_ec(fd)

    if "--asm" in build_options:
        os.system(
            "java -jar build/libs/meteor-all.jar {} < {} > debug/{}code/{}.s".format(' '.join(build_options), filename,
                                                                                     result_dir, tag))
        os.system(
            "ravel --enable-cache --input-file=debug/input.txt --output-file=debug/answer.txt debug/{}code/{}.s src/main/resources/builtin/builtin.s > debug/{}benchmark/{}.log 2> debug/ravel-error.log".format(
                result_dir,
                tag,
			2. An attacker could inject malicious SQL commands where the `.format(` pattern is used.
			3. For example, an attacker might craft a payload like:
Original intended input:
    user_input = "valid_input"

    Malicious input example:
    user_input = "' OR '1'='1"

    Resulting query transformation:
    Original: SELECT * FROM table WHERE field = 'valid_input'
    Malicious: SELECT * FROM table WHERE field = '' OR '1'='1'
    # This would bypass authentication or return all records
			4. When this malicious input is processed, the SQL query structure would be altered, potentially exposing or modifying sensitive data.
