58. Repo: colinta/p
	File: p.py
	URL: https://github.com/colinta/p/blob/2711c5b4030abe0d3d8e76071761dd4acdec394c/p.py
	Vulnerable Pattern: execute(
	Attack Description: Direct execution of SQL queries with string concatenation can lead to SQL injection.
	Vulnerable Code Snippet:
def generate_password():
    return mouseware.generate()


def migrate(migrate_cursor):
    migrate_cursor.execute('''CREATE TABLE
                        IF NOT EXISTS
                        password_migrations
                      (
                        version INTEGER PRIMARY KEY AUTOINCREMENT,
                        name TEXT
Step-by-Step Attack Scenario:
			1. The vulnerable code is found in the following file:
def generate_password():
    return mouseware.generate()


def migrate(migrate_cursor):
    migrate_cursor.execute('''CREATE TABLE
                        IF NOT EXISTS
                        password_migrations
                      (
                        version INTEGER PRIMARY KEY AUTOINCREMENT,
                        name TEXT
			2. An attacker could inject malicious SQL commands where the `execute(` pattern is used.
			3. For example, an attacker might craft a payload like:
Original intended input:
    user_input = "valid_input"

    Malicious input example:
    user_input = "' OR '1'='1"

    Resulting query transformation:
    Original: SELECT * FROM table WHERE field = 'valid_input'
    Malicious: SELECT * FROM table WHERE field = '' OR '1'='1'
    # This would bypass authentication or return all records
			4. When this malicious input is processed, the SQL query structure would be altered, potentially exposing or modifying sensitive data.
