71. Repo: crockeo/dotfiles
	File: dmd
	URL: https://github.com/crockeo/dotfiles/blob/62359f38e4fc3b908ed4300790c43538f0ed1c6f/dmd
	Vulnerable Pattern: execute(
	Attack Description: Direct execution of SQL queries with string concatenation can lead to SQL injection.
	Vulnerable Code Snippet:
    run(args, cwd=repo_root)


def get_db(repo_root: Path) -> sqlite3.Connection:
    db = sqlite3.connect(repo_root / ".git" / "diamond.sqlite3")
    db.execute(
        """
        CREATE TABLE IF NOT EXISTS branches (
            name TEXT PRIMARY KEY,
            parent TEXT
        )
Step-by-Step Attack Scenario:
			1. The vulnerable code is found in the following file:
    run(args, cwd=repo_root)


def get_db(repo_root: Path) -> sqlite3.Connection:
    db = sqlite3.connect(repo_root / ".git" / "diamond.sqlite3")
    db.execute(
        """
        CREATE TABLE IF NOT EXISTS branches (
            name TEXT PRIMARY KEY,
            parent TEXT
        )
			2. An attacker could inject malicious SQL commands where the `execute(` pattern is used.
			3. For example, an attacker might craft a payload like:
Original intended input:
    user_input = "valid_input"

    Malicious input example:
    user_input = "' OR '1'='1"

    Resulting query transformation:
    Original: SELECT * FROM table WHERE field = 'valid_input'
    Malicious: SELECT * FROM table WHERE field = '' OR '1'='1'
    # This would bypass authentication or return all records
			4. When this malicious input is processed, the SQL query structure would be altered, potentially exposing or modifying sensitive data.
