9. Repo: ctberthiaume/gdcp
	File: gdcp
	URL: https://github.com/ctberthiaume/gdcp/blob/d7fcbf54b121424428838871b4190af7b985d411/gdcp
	Vulnerable Pattern: execute(
	Attack Description: Direct execution of SQL queries with string concatenation can lead to SQL injection.
	Vulnerable Code Snippet:

        self.file_count = 0
        self.failures = {"HTTP": [], "MD5": []}

        # https://developers.google.com/resources/api-libraries/documentation/drive/v2/python/latest/drive_v2.about.html
        #self.about = drive.auth.service.about().get().execute()

    def failed(self):
        return bool(len(self.failures["HTTP"]) or len(self.failures["MD5"]))

    def print_failed(self):
Step-by-Step Attack Scenario:
			1. The vulnerable code is found in the following file:

        self.file_count = 0
        self.failures = {"HTTP": [], "MD5": []}

        # https://developers.google.com/resources/api-libraries/documentation/drive/v2/python/latest/drive_v2.about.html
        #self.about = drive.auth.service.about().get().execute()

    def failed(self):
        return bool(len(self.failures["HTTP"]) or len(self.failures["MD5"]))

    def print_failed(self):
			2. An attacker could inject malicious SQL commands where the `execute(` pattern is used.
			3. For example, an attacker might craft a payload like:
Original intended input:
    user_input = "valid_input"

    Malicious input example:
    user_input = "' OR '1'='1"

    Resulting query transformation:
    Original: SELECT * FROM table WHERE field = 'valid_input'
    Malicious: SELECT * FROM table WHERE field = '' OR '1'='1'
    # This would bypass authentication or return all records
			4. When this malicious input is processed, the SQL query structure would be altered, potentially exposing or modifying sensitive data.
