136. Repo: dcepelik/ssq
	File: ssq
	URL: https://github.com/dcepelik/ssq/blob/236ef943145533cde98c472027c4939b041626c3/ssq
	Vulnerable Pattern: .format(
	Attack Description: Using .format() for SQL queries can be vulnerable to SQL injection if user input is not properly sanitized.
	Vulnerable Code Snippet:
    """Returns true if both stdout and stderr are teletypes."""
    return os.isatty(1) and os.isatty(2)

def red(t):
    """Return t as bold red text (for exceptions)."""
    return "\033[1;7;31m {} \033[0m".format(t) if tty() else t

def it(t):
    """Return t as italic text."""
    return "\033[3m{}\033[0m".format(t) if tty() else t

Step-by-Step Attack Scenario:
			1. The vulnerable code is found in the following file:
    """Returns true if both stdout and stderr are teletypes."""
    return os.isatty(1) and os.isatty(2)

def red(t):
    """Return t as bold red text (for exceptions)."""
    return "\033[1;7;31m {} \033[0m".format(t) if tty() else t

def it(t):
    """Return t as italic text."""
    return "\033[3m{}\033[0m".format(t) if tty() else t

			2. An attacker could inject malicious SQL commands where the `.format(` pattern is used.
			3. For example, an attacker might craft a payload like:
Original intended input:
    user_input = "valid_input"

    Malicious input example:
    user_input = "' OR '1'='1"

    Resulting query transformation:
    Original: SELECT * FROM table WHERE field = 'valid_input'
    Malicious: SELECT * FROM table WHERE field = '' OR '1'='1'
    # This would bypass authentication or return all records
			4. When this malicious input is processed, the SQL query structure would be altered, potentially exposing or modifying sensitive data.
