187. Repo: decredcommunity/social-media-stats
	File: tsu
	URL: https://github.com/decredcommunity/social-media-stats/blob/44439346e9aa1ba6a649c106e4d4ff0d0861b5f0/tsu
	Vulnerable Pattern: .format(
	Attack Description: Using .format() for SQL queries can be vulnerable to SQL injection if user input is not properly sanitized.
	Vulnerable Code Snippet:
class ValidationError(TsuError):
    pass


def warn(template, *args):
    print("WARN: " + template.format(*args))


def parse_timestamp(s):
    try:
        tsi = int(s)
Step-by-Step Attack Scenario:
			1. The vulnerable code is found in the following file:
class ValidationError(TsuError):
    pass


def warn(template, *args):
    print("WARN: " + template.format(*args))


def parse_timestamp(s):
    try:
        tsi = int(s)
			2. An attacker could inject malicious SQL commands where the `.format(` pattern is used.
			3. For example, an attacker might craft a payload like:
Original intended input:
    user_input = "valid_input"

    Malicious input example:
    user_input = "' OR '1'='1"

    Resulting query transformation:
    Original: SELECT * FROM table WHERE field = 'valid_input'
    Malicious: SELECT * FROM table WHERE field = '' OR '1'='1'
    # This would bypass authentication or return all records
			4. When this malicious input is processed, the SQL query structure would be altered, potentially exposing or modifying sensitive data.
