34. Repo: Detry322/py
	File: py
	URL: https://github.com/Detry322/py/blob/43e697c1ce01d13c9b47c3d8d60b3bd5cfed56a0/py
	Vulnerable Pattern: execute(
	Attack Description: Direct execution of SQL queries with string concatenation can lead to SQL injection.
	Vulnerable Code Snippet:
argparse, base64, collections, csv, glob, gzip, json, math, os, os.path, platform, random, re, sys, time, urllib, uuid, zlib
"""

import argparse, base64, collections, collections.abc, csv, glob, gzip, json, math, os, os.path, platform, random, re, sys, time, urllib, uuid, zlib

def execute(_, expression):
    return eval(expression)

def print_(result, print_none=False):
    if isinstance(result, collections.abc.Iterable) and not isinstance(result, str):
        for element in result:
Step-by-Step Attack Scenario:
			1. The vulnerable code is found in the following file:
argparse, base64, collections, csv, glob, gzip, json, math, os, os.path, platform, random, re, sys, time, urllib, uuid, zlib
"""

import argparse, base64, collections, collections.abc, csv, glob, gzip, json, math, os, os.path, platform, random, re, sys, time, urllib, uuid, zlib

def execute(_, expression):
    return eval(expression)

def print_(result, print_none=False):
    if isinstance(result, collections.abc.Iterable) and not isinstance(result, str):
        for element in result:
			2. An attacker could inject malicious SQL commands where the `execute(` pattern is used.
			3. For example, an attacker might craft a payload like:
Original intended input:
    user_input = "valid_input"

    Malicious input example:
    user_input = "' OR '1'='1"

    Resulting query transformation:
    Original: SELECT * FROM table WHERE field = 'valid_input'
    Malicious: SELECT * FROM table WHERE field = '' OR '1'='1'
    # This would bypass authentication or return all records
			4. When this malicious input is processed, the SQL query structure would be altered, potentially exposing or modifying sensitive data.
