45. Repo: DHButterfly/CommunityDetection
	File: GN.py
	URL: https://github.com/DHButterfly/CommunityDetection/blob/5c7d24877c173d89c70ca779c8311a2835402757/GN.py
	Vulnerable Pattern: execute(
	Attack Description: Direct execution of SQL queries with string concatenation can lead to SQL injection.
	Vulnerable Code Snippet:
		self._G = G
		self._partition = [[n for n in G.nodes()]]
		self._max_Q = 0.0

	# GN算法
	def execute(self):
		while len(self._G.edges()) > 0:
			# 1.计算所有边的edge betweenness
			edge = max(nx.edge_betweenness(self._G).items(), 
				key = lambda item:item[1])[0]
			# 2.移去edge betweenness最大的边
Step-by-Step Attack Scenario:
			1. The vulnerable code is found in the following file:
		self._G = G
		self._partition = [[n for n in G.nodes()]]
		self._max_Q = 0.0

	# GN算法
	def execute(self):
		while len(self._G.edges()) > 0:
			# 1.计算所有边的edge betweenness
			edge = max(nx.edge_betweenness(self._G).items(), 
				key = lambda item:item[1])[0]
			# 2.移去edge betweenness最大的边
			2. An attacker could inject malicious SQL commands where the `execute(` pattern is used.
			3. For example, an attacker might craft a payload like:
Original intended input:
    user_input = "valid_input"

    Malicious input example:
    user_input = "' OR '1'='1"

    Resulting query transformation:
    Original: SELECT * FROM table WHERE field = 'valid_input'
    Malicious: SELECT * FROM table WHERE field = '' OR '1'='1'
    # This would bypass authentication or return all records
			4. When this malicious input is processed, the SQL query structure would be altered, potentially exposing or modifying sensitive data.
