199. Repo: eadlam/cue-algorand-provision
	File: algo
	URL: https://github.com/eadlam/cue-algorand-provision/blob/6085f62d4a575a4d4ebd1328bc6cbd991ee4ae2c/algo
	Vulnerable Pattern: .format(
	Attack Description: Using .format() for SQL queries can be vulnerable to SQL injection if user input is not properly sanitized.
	Vulnerable Code Snippet:

    with open(os.path.join(data_dir, ALGOD_TOKEN)) as f:
        algod_token = f.read().strip()

    with open(os.path.join(data_dir, ALGOD_NET)) as f:
        algod_address = "http://{}".format(f.read().strip())

    algod_client = algod.AlgodClient(algod_token, algod_address)

    # Get kmd directory
    kmd_dirnames = [i for i in os.listdir(data_dir) if i.startswith("kmd")]
Step-by-Step Attack Scenario:
			1. The vulnerable code is found in the following file:

    with open(os.path.join(data_dir, ALGOD_TOKEN)) as f:
        algod_token = f.read().strip()

    with open(os.path.join(data_dir, ALGOD_NET)) as f:
        algod_address = "http://{}".format(f.read().strip())

    algod_client = algod.AlgodClient(algod_token, algod_address)

    # Get kmd directory
    kmd_dirnames = [i for i in os.listdir(data_dir) if i.startswith("kmd")]
			2. An attacker could inject malicious SQL commands where the `.format(` pattern is used.
			3. For example, an attacker might craft a payload like:
Original intended input:
    user_input = "valid_input"

    Malicious input example:
    user_input = "' OR '1'='1"

    Resulting query transformation:
    Original: SELECT * FROM table WHERE field = 'valid_input'
    Malicious: SELECT * FROM table WHERE field = '' OR '1'='1'
    # This would bypass authentication or return all records
			4. When this malicious input is processed, the SQL query structure would be altered, potentially exposing or modifying sensitive data.
