149. Repo: edgi-govdata-archiving/EEW_County_ReportCards
	File: xxx
	URL: https://github.com/edgi-govdata-archiving/EEW_County_ReportCards/blob/dfd5083c83186c269df2652d39c2569bf192dd7b/xxx
	Vulnerable Pattern: .format(
	Attack Description: Using .format() for SQL queries can be vulnerable to SQL injection if user input is not properly sanitized.
	Vulnerable Code Snippet:
            else:
                counties = None
            try:
                region_echo_active[(state, region)] = (
                    AllPrograms_db.get_active_facs(_region_mode, state, region, counties))
                print("Active facilities for {}-{} = {}".format(state, region,
                                                                len(region_echo_active[(state, region)])))
            except urllib.error.HTTPError:
                print("Database query for county {}-{} failed.".format(state, region))
                remove_state_regions.append((state, region))
        except pd.errors.EmptyDataError:
Step-by-Step Attack Scenario:
			1. The vulnerable code is found in the following file:
            else:
                counties = None
            try:
                region_echo_active[(state, region)] = (
                    AllPrograms_db.get_active_facs(_region_mode, state, region, counties))
                print("Active facilities for {}-{} = {}".format(state, region,
                                                                len(region_echo_active[(state, region)])))
            except urllib.error.HTTPError:
                print("Database query for county {}-{} failed.".format(state, region))
                remove_state_regions.append((state, region))
        except pd.errors.EmptyDataError:
			2. An attacker could inject malicious SQL commands where the `.format(` pattern is used.
			3. For example, an attacker might craft a payload like:
Original intended input:
    user_input = "valid_input"

    Malicious input example:
    user_input = "' OR '1'='1"

    Resulting query transformation:
    Original: SELECT * FROM table WHERE field = 'valid_input'
    Malicious: SELECT * FROM table WHERE field = '' OR '1'='1'
    # This would bypass authentication or return all records
			4. When this malicious input is processed, the SQL query structure would be altered, potentially exposing or modifying sensitive data.
