87. Repo: ext/svnc
	File: svnc
	URL: https://github.com/ext/svnc/blob/1ca26a0d5418fefb0bdc86f3b0a5e02798e1ad0a/svnc
	Vulnerable Pattern: execute(
	Attack Description: Direct execution of SQL queries with string concatenation can lead to SQL injection.
	Vulnerable Code Snippet:
		import pysvn
		
		svn = base.factory(sys.argv[1:])
		if svn:
			try:
				svn.execute()
			except pysvn._pysvn_2_5.ClientError, e:
				print 'svn: %s' % e
	else:
		
		cmd = ['svn']
Step-by-Step Attack Scenario:
			1. The vulnerable code is found in the following file:
		import pysvn
		
		svn = base.factory(sys.argv[1:])
		if svn:
			try:
				svn.execute()
			except pysvn._pysvn_2_5.ClientError, e:
				print 'svn: %s' % e
	else:
		
		cmd = ['svn']
			2. An attacker could inject malicious SQL commands where the `execute(` pattern is used.
			3. For example, an attacker might craft a payload like:
Original intended input:
    user_input = "valid_input"

    Malicious input example:
    user_input = "' OR '1'='1"

    Resulting query transformation:
    Original: SELECT * FROM table WHERE field = 'valid_input'
    Malicious: SELECT * FROM table WHERE field = '' OR '1'='1'
    # This would bypass authentication or return all records
			4. When this malicious input is processed, the SQL query structure would be altered, potentially exposing or modifying sensitive data.
