195. Repo: ezhov-evgeny/webdav-client-python-3
	File: wdc
	URL: https://github.com/ezhov-evgeny/webdav-client-python-3/blob/98c23d1abd15efc3db9cfc756429f00041578bc2/wdc
	Vulnerable Pattern: .format(
	Attack Description: Using .format() for SQL queries can be vulnerable to SQL injection if user input is not properly sanitized.
	Vulnerable Code Snippet:
        available_width = sizex
        precise = self._get_field_precise()
        ratio = self._get_field_ratio()
        available_width -= len(precise) + len(ratio)
        progress = self._get_field_progress(available_width-2)
        return "{precise} {progress} {ratio}".format(precise=precise, progress=progress, ratio=ratio)

    def _get_field_precise(self):
        line = "{precise}%".format(precise=self.precise)
        return "{:<4}".format(line)

Step-by-Step Attack Scenario:
			1. The vulnerable code is found in the following file:
        available_width = sizex
        precise = self._get_field_precise()
        ratio = self._get_field_ratio()
        available_width -= len(precise) + len(ratio)
        progress = self._get_field_progress(available_width-2)
        return "{precise} {progress} {ratio}".format(precise=precise, progress=progress, ratio=ratio)

    def _get_field_precise(self):
        line = "{precise}%".format(precise=self.precise)
        return "{:<4}".format(line)

			2. An attacker could inject malicious SQL commands where the `.format(` pattern is used.
			3. For example, an attacker might craft a payload like:
Original intended input:
    user_input = "valid_input"

    Malicious input example:
    user_input = "' OR '1'='1"

    Resulting query transformation:
    Original: SELECT * FROM table WHERE field = 'valid_input'
    Malicious: SELECT * FROM table WHERE field = '' OR '1'='1'
    # This would bypass authentication or return all records
			4. When this malicious input is processed, the SQL query structure would be altered, potentially exposing or modifying sensitive data.
