176. Repo: fboender/omnitool
	File: ot
	URL: https://github.com/fboender/omnitool/blob/4ca8af10e992da19cbee0606c2783c6e2f60c5ba/ot
	Vulnerable Pattern: .format(
	Attack Description: Using .format() for SQL queries can be vulnerable to SQL injection if user input is not properly sanitized.
	Vulnerable Code Snippet:
    if auto_decode is True:
        stdout = stdout.decode(sys.getdefaultencoding())
        stderr = stderr.decode(sys.getdefaultencoding())

    if p.returncode != 0 and raise_err is True:
        msg = "Command '{}' returned with exit code {}".format(cmd,
                                                               p.returncode)
        raise CmdError(msg, p.returncode, stderr)

    return {
        'stdout': stdout,
Step-by-Step Attack Scenario:
			1. The vulnerable code is found in the following file:
    if auto_decode is True:
        stdout = stdout.decode(sys.getdefaultencoding())
        stderr = stderr.decode(sys.getdefaultencoding())

    if p.returncode != 0 and raise_err is True:
        msg = "Command '{}' returned with exit code {}".format(cmd,
                                                               p.returncode)
        raise CmdError(msg, p.returncode, stderr)

    return {
        'stdout': stdout,
			2. An attacker could inject malicious SQL commands where the `.format(` pattern is used.
			3. For example, an attacker might craft a payload like:
Original intended input:
    user_input = "valid_input"

    Malicious input example:
    user_input = "' OR '1'='1"

    Resulting query transformation:
    Original: SELECT * FROM table WHERE field = 'valid_input'
    Malicious: SELECT * FROM table WHERE field = '' OR '1'='1'
    # This would bypass authentication or return all records
			4. When this malicious input is processed, the SQL query structure would be altered, potentially exposing or modifying sensitive data.
