6. Repo: fgsect/unicorefuzz
	File: ucf
	URL: https://github.com/fgsect/unicorefuzz/blob/1b3b9dda749c756605cb5c2a223166e97138dafc/ucf
	Vulnerable Pattern: .format(
	Attack Description: Using .format() for SQL queries can be vulnerable to SQL injection if user input is not properly sanitized.
	Vulnerable Code Snippet:
        raise ValueError("Only master (`id 0`) may `reset` the state.")
    if id == "0":
        id = "master"
        mode = "-M master"
    else:
        id = "fuzzer{}".format(id)
        mode = "-S {}".format(id)
    ucf = Unicorefuzz(load_conf(args))

    if restart:
        try:
Step-by-Step Attack Scenario:
			1. The vulnerable code is found in the following file:
        raise ValueError("Only master (`id 0`) may `reset` the state.")
    if id == "0":
        id = "master"
        mode = "-M master"
    else:
        id = "fuzzer{}".format(id)
        mode = "-S {}".format(id)
    ucf = Unicorefuzz(load_conf(args))

    if restart:
        try:
			2. An attacker could inject malicious SQL commands where the `.format(` pattern is used.
			3. For example, an attacker might craft a payload like:
Original intended input:
    user_input = "valid_input"

    Malicious input example:
    user_input = "' OR '1'='1"

    Resulting query transformation:
    Original: SELECT * FROM table WHERE field = 'valid_input'
    Malicious: SELECT * FROM table WHERE field = '' OR '1'='1'
    # This would bypass authentication or return all records
			4. When this malicious input is processed, the SQL query structure would be altered, potentially exposing or modifying sensitive data.
