151. Repo: forestmonster/ssmshare
	File: ssm
	URL: https://github.com/forestmonster/ssmshare/blob/76694cacd3bdfd4a60183dfe5d3a1c70151c2628/ssm
	Vulnerable Pattern: .format(
	Attack Description: Using .format() for SQL queries can be vulnerable to SQL injection if user input is not properly sanitized.
	Vulnerable Code Snippet:

    :resource: String. An instance ID.
    :returns: String. Region where the instance is located.

    """
    result = requests.get(LOCATE_URL.format(query=str(instance)))
    if not result.json():
        raise InstanceNotFound
    region = result.json()[0]['attrs']['region']
    logger.debug("Region found is \"{region}\".".format(region=region))
    return region
Step-by-Step Attack Scenario:
			1. The vulnerable code is found in the following file:

    :resource: String. An instance ID.
    :returns: String. Region where the instance is located.

    """
    result = requests.get(LOCATE_URL.format(query=str(instance)))
    if not result.json():
        raise InstanceNotFound
    region = result.json()[0]['attrs']['region']
    logger.debug("Region found is \"{region}\".".format(region=region))
    return region
			2. An attacker could inject malicious SQL commands where the `.format(` pattern is used.
			3. For example, an attacker might craft a payload like:
Original intended input:
    user_input = "valid_input"

    Malicious input example:
    user_input = "' OR '1'='1"

    Resulting query transformation:
    Original: SELECT * FROM table WHERE field = 'valid_input'
    Malicious: SELECT * FROM table WHERE field = '' OR '1'='1'
    # This would bypass authentication or return all records
			4. When this malicious input is processed, the SQL query structure would be altered, potentially exposing or modifying sensitive data.
