75. Repo: gabrielpondc/Anomaly-Visualization-for-Korean-Weather-Climate
	File: 3.py
	URL: https://github.com/gabrielpondc/Anomaly-Visualization-for-Korean-Weather-Climate/blob/8f865a0157a42418a02045e1ed2afdd3215be4e7/3.py
	Vulnerable Pattern: execute(
	Attack Description: Direct execution of SQL queries with string concatenation can lead to SQL injection.
	Vulnerable Code Snippet:
os.environ['HOMEPATH'] = 'F:/Users/caucse/AppData/Local/Programs/Python/Python38'

def aaa(name,time):
    connection=pymysql.connect(db='virus', user='root', password='caucse1234', host='localhost', charset='utf8')
    cursor=connection.cursor()
    cursor.execute('SELECT weather.qiwen,weather.shidu FROM weather,test where weather.KID=test.KID and test.city="'+name+'" and weather.date ="'+time+'"')
    result=cursor.fetchall()
    a=[]
    for data in result:
        a.append(data)
    return a[0]
Step-by-Step Attack Scenario:
			1. The vulnerable code is found in the following file:
os.environ['HOMEPATH'] = 'F:/Users/caucse/AppData/Local/Programs/Python/Python38'

def aaa(name,time):
    connection=pymysql.connect(db='virus', user='root', password='caucse1234', host='localhost', charset='utf8')
    cursor=connection.cursor()
    cursor.execute('SELECT weather.qiwen,weather.shidu FROM weather,test where weather.KID=test.KID and test.city="'+name+'" and weather.date ="'+time+'"')
    result=cursor.fetchall()
    a=[]
    for data in result:
        a.append(data)
    return a[0]
			2. An attacker could inject malicious SQL commands where the `execute(` pattern is used.
			3. For example, an attacker might craft a payload like:
Original intended input:
    user_id = "123"

    Malicious input that could expose all users:
    user_id = "123 OR 1=1"

    Resulting query:
    SELECT * FROM users WHERE id = 123 OR 1=1
    # This would return all users instead of just user 123
			4. When this malicious input is processed, the SQL query structure would be altered, potentially exposing or modifying sensitive data.
