16. Repo: GATB/gatb-minia-pipeline
	File: gatb
	URL: https://github.com/GATB/gatb-minia-pipeline/blob/b5454af50cef82f288570ab689fa3adc806c55c9/gatb
	Vulnerable Pattern: execute(
	Attack Description: Direct execution of SQL queries with string concatenation can lead to SQL injection.
	Vulnerable Code Snippet:
        logfile.write(message+"\n")
        logfile.flush()
        logfile.close()
log = Logger()

def execute(program, cmdline=[], interpreter=None, stdout=None, memused=False):
    ret = 0
    try:
        cmd = []
        if memused:
            cmd += [ "%s/tools/memused" % DIR ]
Step-by-Step Attack Scenario:
			1. The vulnerable code is found in the following file:
        logfile.write(message+"\n")
        logfile.flush()
        logfile.close()
log = Logger()

def execute(program, cmdline=[], interpreter=None, stdout=None, memused=False):
    ret = 0
    try:
        cmd = []
        if memused:
            cmd += [ "%s/tools/memused" % DIR ]
			2. An attacker could inject malicious SQL commands where the `execute(` pattern is used.
			3. For example, an attacker might craft a payload like:
Original intended input:
    user_input = "valid_input"

    Malicious input example:
    user_input = "' OR '1'='1"

    Resulting query transformation:
    Original: SELECT * FROM table WHERE field = 'valid_input'
    Malicious: SELECT * FROM table WHERE field = '' OR '1'='1'
    # This would bypass authentication or return all records
			4. When this malicious input is processed, the SQL query structure would be altered, potentially exposing or modifying sensitive data.
