33. Repo: gauravkr93/NLP-CommonsenseQA
	File: ir.py
	URL: https://github.com/gauravkr93/NLP-CommonsenseQA/blob/c21ab0821b1cb590e503bdce0d82ba294da3d4c6/ir.py
	Vulnerable Pattern: execute(
	Attack Description: Direct execution of SQL queries with string concatenation can lead to SQL injection.
	Vulnerable Code Snippet:
    def score(self, question_stem: str, choice_text: str) -> float:
        """get the score from elasticsearch"""
        query_text = "{0} {1}".format(question_stem, choice_text)
        query = Q('multi_match', query=query_text, fields=self.fields)
        search = Search(using=self.client, index=self.index_name).query(query)[:self.topn]
        response = search.execute()
        return sum(hit.meta.score for hit in response)

    def search(self, query: str) -> list:
        """get the score from elasticsearch"""
        query_text = query
Step-by-Step Attack Scenario:
			1. The vulnerable code is found in the following file:
    def score(self, question_stem: str, choice_text: str) -> float:
        """get the score from elasticsearch"""
        query_text = "{0} {1}".format(question_stem, choice_text)
        query = Q('multi_match', query=query_text, fields=self.fields)
        search = Search(using=self.client, index=self.index_name).query(query)[:self.topn]
        response = search.execute()
        return sum(hit.meta.score for hit in response)

    def search(self, query: str) -> list:
        """get the score from elasticsearch"""
        query_text = query
			2. An attacker could inject malicious SQL commands where the `execute(` pattern is used.
			3. For example, an attacker might craft a payload like:
Original intended input:
    user_input = "valid_input"

    Malicious input example:
    user_input = "' OR '1'='1"

    Resulting query transformation:
    Original: SELECT * FROM table WHERE field = 'valid_input'
    Malicious: SELECT * FROM table WHERE field = '' OR '1'='1'
    # This would bypass authentication or return all records
			4. When this malicious input is processed, the SQL query structure would be altered, potentially exposing or modifying sensitive data.
