175. Repo: getway/diting
	File: dt
	URL: https://github.com/getway/diting/blob/58b6c99dbda2fd6855944cccdc93a702f192bd3e/dt
	Vulnerable Pattern: .format(
	Attack Description: Using .format() for SQL queries can be vulnerable to SQL injection if user input is not properly sanitized.
	Vulnerable Code Snippet:
    else:
        return True


def get_pid_file_path(service):
    return os.path.join(TMP_DIR, '{}.pid'.format(service))


def get_log_file_path(service):
    return os.path.join(LOG_DIR, '{}.log'.format(service))

Step-by-Step Attack Scenario:
			1. The vulnerable code is found in the following file:
    else:
        return True


def get_pid_file_path(service):
    return os.path.join(TMP_DIR, '{}.pid'.format(service))


def get_log_file_path(service):
    return os.path.join(LOG_DIR, '{}.log'.format(service))

			2. An attacker could inject malicious SQL commands where the `.format(` pattern is used.
			3. For example, an attacker might craft a payload like:
Original intended input:
    user_input = "valid_input"

    Malicious input example:
    user_input = "' OR '1'='1"

    Resulting query transformation:
    Original: SELECT * FROM table WHERE field = 'valid_input'
    Malicious: SELECT * FROM table WHERE field = '' OR '1'='1'
    # This would bypass authentication or return all records
			4. When this malicious input is processed, the SQL query structure would be altered, potentially exposing or modifying sensitive data.
