137. Repo: giodamelio/t
	File: t
	URL: https://github.com/giodamelio/t/blob/85e05aeaf3c45bd8aa68fd163853fbb45435950a/t
	Vulnerable Pattern: .format(
	Attack Description: Using .format() for SQL queries can be vulnerable to SQL injection if user input is not properly sanitized.
	Vulnerable Code Snippet:
# Get current tmux server
server = tmuxp.Server()

# Pretty session display
def format_session(session):
    return "({0}) {1} | {2} Windows".format(
            session.get("session_id").replace("$", ""),
            session.get("session_name"),
            session.get("session_windows"))

# List current sessions
Step-by-Step Attack Scenario:
			1. The vulnerable code is found in the following file:
# Get current tmux server
server = tmuxp.Server()

# Pretty session display
def format_session(session):
    return "({0}) {1} | {2} Windows".format(
            session.get("session_id").replace("$", ""),
            session.get("session_name"),
            session.get("session_windows"))

# List current sessions
			2. An attacker could inject malicious SQL commands where the `.format(` pattern is used.
			3. For example, an attacker might craft a payload like:
Original intended input:
    user_input = "valid_input"

    Malicious input example:
    user_input = "' OR '1'='1"

    Resulting query transformation:
    Original: SELECT * FROM table WHERE field = 'valid_input'
    Malicious: SELECT * FROM table WHERE field = '' OR '1'='1'
    # This would bypass authentication or return all records
			4. When this malicious input is processed, the SQL query structure would be altered, potentially exposing or modifying sensitive data.
