185. Repo: glasnt/626
	File: ih
	URL: https://github.com/glasnt/626/blob/131fea656f3bcdb38257ecf40180c660fe09823f/ih
	Vulnerable Pattern: .format(
	Attack Description: Using .format() for SQL queries can be vulnerable to SQL injection if user input is not properly sanitized.
	Vulnerable Code Snippet:


def rgb2hex(pix):
    """Given a tuple of r, g, b, return the hex value """
    r, g, b = pix
    return '#{:02x}{:02x}{:02x}'.format(r, g, b)

def thread_name(rgb, PALETTE):
    
    """Given an RGB and a palette; return the thread name and code"""
    for x in PALETTE:
Step-by-Step Attack Scenario:
			1. The vulnerable code is found in the following file:


def rgb2hex(pix):
    """Given a tuple of r, g, b, return the hex value """
    r, g, b = pix
    return '#{:02x}{:02x}{:02x}'.format(r, g, b)

def thread_name(rgb, PALETTE):
    
    """Given an RGB and a palette; return the thread name and code"""
    for x in PALETTE:
			2. An attacker could inject malicious SQL commands where the `.format(` pattern is used.
			3. For example, an attacker might craft a payload like:
Original intended input:
    user_input = "valid_input"

    Malicious input example:
    user_input = "' OR '1'='1"

    Resulting query transformation:
    Original: SELECT * FROM table WHERE field = 'valid_input'
    Malicious: SELECT * FROM table WHERE field = '' OR '1'='1'
    # This would bypass authentication or return all records
			4. When this malicious input is processed, the SQL query structure would be altered, potentially exposing or modifying sensitive data.
