10. Repo: google-marketing-solutions/bqflow
	File: dv.py
	URL: https://github.com/google-marketing-solutions/bqflow/blob/65ee2a26b108814747ef3a4b4a33b8abd059be86/dv.py
	Vulnerable Pattern: execute(
	Attack Description: Direct execution of SQL queries with string concatenation can lead to SQL injection.
	Vulnerable Code Snippet:

  auth = 'service' if args.service else 'user'

  # get report
  if args.report:
    report = API_DBM(config, auth).queries().get(queryId=args.report).execute()
    print(json.dumps(report, indent=2, sort_keys=True))

  # get task json
  elif args.task:
    report = API_DBM(config, auth).queries().get(queryId=args.task).execute()
Step-by-Step Attack Scenario:
			1. The vulnerable code is found in the following file:

  auth = 'service' if args.service else 'user'

  # get report
  if args.report:
    report = API_DBM(config, auth).queries().get(queryId=args.report).execute()
    print(json.dumps(report, indent=2, sort_keys=True))

  # get task json
  elif args.task:
    report = API_DBM(config, auth).queries().get(queryId=args.task).execute()
			2. An attacker could inject malicious SQL commands where the `execute(` pattern is used.
			3. For example, an attacker might craft a payload like:
Original intended input:
    user_input = "valid_input"

    Malicious input example:
    user_input = "' OR '1'='1"

    Resulting query transformation:
    Original: SELECT * FROM table WHERE field = 'valid_input'
    Malicious: SELECT * FROM table WHERE field = '' OR '1'='1'
    # This would bypass authentication or return all records
			4. When this malicious input is processed, the SQL query structure would be altered, potentially exposing or modifying sensitive data.
