130. Repo: hamstergene/p5
	File: p5
	URL: https://github.com/hamstergene/p5/blob/8a647b0dadcec691f2d7372d563bc09720708577/p5
	Vulnerable Pattern: .format(
	Attack Description: Using .format() for SQL queries can be vulnerable to SQL injection if user input is not properly sanitized.
	Vulnerable Code Snippet:
    else:
        workspace_name = userName + "-" + os.path.basename(os.path.abspath(env.getcwd()))
        must_save_workspace_name = True
        for clientProps in env.p4clients():
            if clientProps["client"] == workspace_name:
                print("error: workspace '{workspace_name}' already exists".format(**vars()), file=sys.stderr)
                raise SystemExit(1)

    # path to clientspec file
    #
    assert args.clientspec_path
Step-by-Step Attack Scenario:
			1. The vulnerable code is found in the following file:
    else:
        workspace_name = userName + "-" + os.path.basename(os.path.abspath(env.getcwd()))
        must_save_workspace_name = True
        for clientProps in env.p4clients():
            if clientProps["client"] == workspace_name:
                print("error: workspace '{workspace_name}' already exists".format(**vars()), file=sys.stderr)
                raise SystemExit(1)

    # path to clientspec file
    #
    assert args.clientspec_path
			2. An attacker could inject malicious SQL commands where the `.format(` pattern is used.
			3. For example, an attacker might craft a payload like:
Original intended input:
    user_input = "valid_input"

    Malicious input example:
    user_input = "' OR '1'='1"

    Resulting query transformation:
    Original: SELECT * FROM table WHERE field = 'valid_input'
    Malicious: SELECT * FROM table WHERE field = '' OR '1'='1'
    # This would bypass authentication or return all records
			4. When this malicious input is processed, the SQL query structure would be altered, potentially exposing or modifying sensitive data.
