70. Repo: hellais/p
	File: p
	URL: https://github.com/hellais/p/blob/b01bc931da66357ff6c8a1b4c95e1e72fce30a2f/p
	Vulnerable Pattern: execute(
	Attack Description: Direct execution of SQL queries with string concatenation can lead to SQL injection.
	Vulnerable Code Snippet:

def init_db(db_file):
    print "No database found. Creating it..."
    conn = sqlite3.connect(db_file)
    cursor = conn.cursor()
    cursor.execute("""create table projects (shortname text, description text, path text,
                      creation_date text, last_accessed text)""")
    conn.commit()
    cursor.close()
    print "[+] Database created."
    print "Adding first project p"
Step-by-Step Attack Scenario:
			1. The vulnerable code is found in the following file:

def init_db(db_file):
    print "No database found. Creating it..."
    conn = sqlite3.connect(db_file)
    cursor = conn.cursor()
    cursor.execute("""create table projects (shortname text, description text, path text,
                      creation_date text, last_accessed text)""")
    conn.commit()
    cursor.close()
    print "[+] Database created."
    print "Adding first project p"
			2. An attacker could inject malicious SQL commands where the `execute(` pattern is used.
			3. For example, an attacker might craft a payload like:
Original intended input:
    user_input = "valid_input"

    Malicious input example:
    user_input = "' OR '1'='1"

    Resulting query transformation:
    Original: SELECT * FROM table WHERE field = 'valid_input'
    Malicious: SELECT * FROM table WHERE field = '' OR '1'='1'
    # This would bypass authentication or return all records
			4. When this malicious input is processed, the SQL query structure would be altered, potentially exposing or modifying sensitive data.
