143. Repo: htautau/hhana
	File: put
	URL: https://github.com/htautau/hhana/blob/f1121c0f6ae682ba5ad525f0e7dbccd4a5293736/put
	Vulnerable Pattern: .format(
	Attack Description: Using .format() for SQL queries can be vulnerable to SQL injection if user input is not properly sanitized.
	Vulnerable Code Snippet:
parser.add_argument('file')
args = parser.parse_args()

dsname = 'group.phys-higgs.' + (os.path.splitext(args.file)[0])

call('dq2-register-dataset {0}'.format(dsname),
    shell=True)
call('dq2-register-location {0} {1}'.format(dsname, args.site),
    shell=True)
call('rucio-put -a -d -L {2} -f {0} {1}'.format(
    args.file,
Step-by-Step Attack Scenario:
			1. The vulnerable code is found in the following file:
parser.add_argument('file')
args = parser.parse_args()

dsname = 'group.phys-higgs.' + (os.path.splitext(args.file)[0])

call('dq2-register-dataset {0}'.format(dsname),
    shell=True)
call('dq2-register-location {0} {1}'.format(dsname, args.site),
    shell=True)
call('rucio-put -a -d -L {2} -f {0} {1}'.format(
    args.file,
			2. An attacker could inject malicious SQL commands where the `.format(` pattern is used.
			3. For example, an attacker might craft a payload like:
Original intended input:
    user_input = "valid_input"

    Malicious input example:
    user_input = "' OR '1'='1"

    Resulting query transformation:
    Original: SELECT * FROM table WHERE field = 'valid_input'
    Malicious: SELECT * FROM table WHERE field = '' OR '1'='1'
    # This would bypass authentication or return all records
			4. When this malicious input is processed, the SQL query structure would be altered, potentially exposing or modifying sensitive data.
