181. Repo: ihucos/sola
	File: sola
	URL: https://github.com/ihucos/sola/blob/2f0740dc2d44c917161b524a1d92761f383bd106/sola
	Vulnerable Pattern: .format(
	Attack Description: Using .format() for SQL queries can be vulnerable to SQL injection if user input is not properly sanitized.
	Vulnerable Code Snippet:
__version__ = '0.1 Alpha'
PROG = 'sola'
AHHM = " -da 0 5 1 -b 0 7 6 -c 7.1 51 3"
ESC = "\033"
BEL = "\007"
DSC = "{}P".format(ESC)
OSC = "{}]".format(ESC)
OSC_MAP = dict(
    foreground=10,
    background=11,
    cursor=12,
Step-by-Step Attack Scenario:
			1. The vulnerable code is found in the following file:
__version__ = '0.1 Alpha'
PROG = 'sola'
AHHM = " -da 0 5 1 -b 0 7 6 -c 7.1 51 3"
ESC = "\033"
BEL = "\007"
DSC = "{}P".format(ESC)
OSC = "{}]".format(ESC)
OSC_MAP = dict(
    foreground=10,
    background=11,
    cursor=12,
			2. An attacker could inject malicious SQL commands where the `.format(` pattern is used.
			3. For example, an attacker might craft a payload like:
Original intended input:
    user_input = "valid_input"

    Malicious input example:
    user_input = "' OR '1'='1"

    Resulting query transformation:
    Original: SELECT * FROM table WHERE field = 'valid_input'
    Malicious: SELECT * FROM table WHERE field = '' OR '1'='1'
    # This would bypass authentication or return all records
			4. When this malicious input is processed, the SQL query structure would be altered, potentially exposing or modifying sensitive data.
