112. Repo: JaquerEspeis/apt-transport-ipfs
	File: ipfs
	URL: https://github.com/JaquerEspeis/apt-transport-ipfs/blob/256361f022147f298dd7135cd33897b7a65f54e2/ipfs
	Vulnerable Pattern: .format(
	Attack Description: Using .format() for SQL queries can be vulnerable to SQL injection if user input is not properly sanitized.
	Vulnerable Code Snippet:
    def __init__(self, code, headers):
        self._code = code
        self._headers = headers

    def encode(self):
        result = '{0} {1}\n'.format(
            self._code, self._MESSAGE_CODES[self._code])
        for header_key in self._headers:
            if self._headers[header_key] is not None:
                result += '{0}: {1}\n'.format(
                    header_key, self._headers[header_key])
Step-by-Step Attack Scenario:
			1. The vulnerable code is found in the following file:
    def __init__(self, code, headers):
        self._code = code
        self._headers = headers

    def encode(self):
        result = '{0} {1}\n'.format(
            self._code, self._MESSAGE_CODES[self._code])
        for header_key in self._headers:
            if self._headers[header_key] is not None:
                result += '{0}: {1}\n'.format(
                    header_key, self._headers[header_key])
			2. An attacker could inject malicious SQL commands where the `.format(` pattern is used.
			3. For example, an attacker might craft a payload like:
Original intended input:
    user_input = "valid_input"

    Malicious input example:
    user_input = "' OR '1'='1"

    Resulting query transformation:
    Original: SELECT * FROM table WHERE field = 'valid_input'
    Malicious: SELECT * FROM table WHERE field = '' OR '1'='1'
    # This would bypass authentication or return all records
			4. When this malicious input is processed, the SQL query structure would be altered, potentially exposing or modifying sensitive data.
