5. Repo: jceb/dex
	File: dex
	URL: https://github.com/jceb/dex/blob/13387dbf09765f0ea88263224ab0e17249c01aa7/dex
	Vulnerable Pattern: execute(
	Attack Description: Direct execution of SQL queries with string concatenation can lead to SQL injection.
	Vulnerable Code Snippet:
                "Exec value contains an unbalanced number of quote characters."
            )

        return cmd

    def execute(self, action=None, term=None, wait=False, dryrun=False, verbose=False):
        """
        Execute application or, if given, a specific action
        @return	Return subprocess.Popen object
        """
        if self.TryExec:
Step-by-Step Attack Scenario:
			1. The vulnerable code is found in the following file:
                "Exec value contains an unbalanced number of quote characters."
            )

        return cmd

    def execute(self, action=None, term=None, wait=False, dryrun=False, verbose=False):
        """
        Execute application or, if given, a specific action
        @return	Return subprocess.Popen object
        """
        if self.TryExec:
			2. An attacker could inject malicious SQL commands where the `execute(` pattern is used.
			3. For example, an attacker might craft a payload like:
Original intended input:
    user_input = "valid_input"

    Malicious input example:
    user_input = "' OR '1'='1"

    Resulting query transformation:
    Original: SELECT * FROM table WHERE field = 'valid_input'
    Malicious: SELECT * FROM table WHERE field = '' OR '1'='1'
    # This would bypass authentication or return all records
			4. When this malicious input is processed, the SQL query structure would be altered, potentially exposing or modifying sensitive data.
