131. Repo: jkbrzt/cn
	File: cn
	URL: https://github.com/jkbrzt/cn/blob/cba19b3cd3f9fc86faa688223bad8d5348321ddb/cn
	Vulnerable Pattern: .format(
	Attack Description: Using .format() for SQL queries can be vulnerable to SQL injection if user input is not properly sanitized.
	Vulnerable Code Snippet:
done;
'
 """

start = datetime.datetime.now()
result = os.system(ping_command.format(host=host))


if result is not 0:
    sys.exit(result)

Step-by-Step Attack Scenario:
			1. The vulnerable code is found in the following file:
done;
'
 """

start = datetime.datetime.now()
result = os.system(ping_command.format(host=host))


if result is not 0:
    sys.exit(result)

			2. An attacker could inject malicious SQL commands where the `.format(` pattern is used.
			3. For example, an attacker might craft a payload like:
Original intended input:
    user_input = "valid_input"

    Malicious input example:
    user_input = "' OR '1'='1"

    Resulting query transformation:
    Original: SELECT * FROM table WHERE field = 'valid_input'
    Malicious: SELECT * FROM table WHERE field = '' OR '1'='1'
    # This would bypass authentication or return all records
			4. When this malicious input is processed, the SQL query structure would be altered, potentially exposing or modifying sensitive data.
