24. Repo: johndoe31415/jbin
	File: todo
	URL: https://github.com/johndoe31415/jbin/blob/997645f6f87bdc99e684b71f0bbfc2c32a933179/todo
	Vulnerable Pattern: execute(
	Attack Description: Direct execution of SQL queries with string concatenation can lead to SQL injection.
	Vulnerable Code Snippet:
		self._conn = None
		self._cursor = None

	def _setup_db(self):
		with contextlib.suppress(sqlite3.OperationalError):
			self._cursor.execute("""
				CREATE TABLE todos (
					id integer PRIMARY KEY,
					created_utc timestamp NOT NULL,
					due_utc timestamp NULL,
					resolved_utc timestamp NULL,
Step-by-Step Attack Scenario:
			1. The vulnerable code is found in the following file:
		self._conn = None
		self._cursor = None

	def _setup_db(self):
		with contextlib.suppress(sqlite3.OperationalError):
			self._cursor.execute("""
				CREATE TABLE todos (
					id integer PRIMARY KEY,
					created_utc timestamp NOT NULL,
					due_utc timestamp NULL,
					resolved_utc timestamp NULL,
			2. An attacker could inject malicious SQL commands where the `execute(` pattern is used.
			3. For example, an attacker might craft a payload like:
Original intended input:
    user_input = "valid_input"

    Malicious input example:
    user_input = "' OR '1'='1"

    Resulting query transformation:
    Original: SELECT * FROM table WHERE field = 'valid_input'
    Malicious: SELECT * FROM table WHERE field = '' OR '1'='1'
    # This would bypass authentication or return all records
			4. When this malicious input is processed, the SQL query structure would be altered, potentially exposing or modifying sensitive data.
