30. Repo: johnandersen777/pwn-lib-tutorial
	File: gh.py
	URL: https://github.com/johnandersen777/pwn-lib-tutorial/blob/23d2309bb0d59f0a6657373f6faa37a2a2042189/gh.py
	Vulnerable Pattern: execute(
	Attack Description: Direct execution of SQL queries with string concatenation can lead to SQL injection.
	Vulnerable Code Snippet:
import gdb
import time

gdb.execute("layout asm")
gdb.execute("focus cmd")

gdb.execute("b *input+24")
gdb.execute("b *main+77")

Step-by-Step Attack Scenario:
			1. The vulnerable code is found in the following file:
import gdb
import time

gdb.execute("layout asm")
gdb.execute("focus cmd")

gdb.execute("b *input+24")
gdb.execute("b *main+77")

			2. An attacker could inject malicious SQL commands where the `execute(` pattern is used.
			3. For example, an attacker might craft a payload like:
Original intended input:
    user_input = "valid_input"

    Malicious input example:
    user_input = "' OR '1'='1"

    Resulting query transformation:
    Original: SELECT * FROM table WHERE field = 'valid_input'
    Malicious: SELECT * FROM table WHERE field = '' OR '1'='1'
    # This would bypass authentication or return all records
			4. When this malicious input is processed, the SQL query structure would be altered, potentially exposing or modifying sensitive data.
