132. Repo: johnsca/devhelpers
	File: prw
	URL: https://github.com/johnsca/devhelpers/blob/cba0fdec3e93226117fd59c167c3f9e66224a654/prw
	Vulnerable Pattern: .format(
	Attack Description: Using .format() for SQL queries can be vulnerable to SQL injection if user input is not properly sanitized.
	Vulnerable Code Snippet:
USE_COLORS=True
FORCE=False
try:
    from termcolor import colored
except ImportError, e:
    print "Unable to use colors: {0}".format(e)
    USE_COLORS=False

COLORS = {
    'review': 'green',
    'sha': 'green',
Step-by-Step Attack Scenario:
			1. The vulnerable code is found in the following file:
USE_COLORS=True
FORCE=False
try:
    from termcolor import colored
except ImportError, e:
    print "Unable to use colors: {0}".format(e)
    USE_COLORS=False

COLORS = {
    'review': 'green',
    'sha': 'green',
			2. An attacker could inject malicious SQL commands where the `.format(` pattern is used.
			3. For example, an attacker might craft a payload like:
Original intended input:
    user_input = "valid_input"

    Malicious input example:
    user_input = "' OR '1'='1"

    Resulting query transformation:
    Original: SELECT * FROM table WHERE field = 'valid_input'
    Malicious: SELECT * FROM table WHERE field = '' OR '1'='1'
    # This would bypass authentication or return all records
			4. When this malicious input is processed, the SQL query structure would be altered, potentially exposing or modifying sensitive data.
