76. Repo: joth1ka-s/Attendance-system-face-recognition
	File: 1.py
	URL: https://github.com/joth1ka-s/Attendance-system-face-recognition/blob/8f611af4744d997567867f262ae12f9b7f912b5b/1.py
	Vulnerable Pattern: execute(
	Attack Description: Direct execution of SQL queries with string concatenation can lead to SQL injection.
	Vulnerable Code Snippet:
#MySQL Connection
conn= mysql.connector.connect(host='localhost', password='jo@MYSQL0', user='root')
cur=conn.cursor(buffered=True)
#creating database(using if already exist)
try:
    cur.execute("use smartattendance")
except:
    cur.execute("create database smartattendance")
    cur.execute("use smartattendance")
#creating table(using if already exist)
try:
Step-by-Step Attack Scenario:
			1. The vulnerable code is found in the following file:
#MySQL Connection
conn= mysql.connector.connect(host='localhost', password='jo@MYSQL0', user='root')
cur=conn.cursor(buffered=True)
#creating database(using if already exist)
try:
    cur.execute("use smartattendance")
except:
    cur.execute("create database smartattendance")
    cur.execute("use smartattendance")
#creating table(using if already exist)
try:
			2. An attacker could inject malicious SQL commands where the `execute(` pattern is used.
			3. For example, an attacker might craft a payload like:
Original intended input:
    user_input = "valid_input"

    Malicious input example:
    user_input = "' OR '1'='1"

    Resulting query transformation:
    Original: SELECT * FROM table WHERE field = 'valid_input'
    Malicious: SELECT * FROM table WHERE field = '' OR '1'='1'
    # This would bypass authentication or return all records
			4. When this malicious input is processed, the SQL query structure would be altered, potentially exposing or modifying sensitive data.
