100. Repo: Kaiziferr/-Miner_Detector
	File: z.py
	URL: https://github.com/Kaiziferr/-Miner_Detector/blob/4542ab9045d3d64a8469ad59b504b6cac741eb7c/z.py
	Vulnerable Pattern: execute(
	Attack Description: Direct execution of SQL queries with string concatenation can lead to SQL injection.
	Vulnerable Code Snippet:
def uploadFile():
    FILE_MALIGN = open("urlMalignas.txt","r")
    FILE_BENIGN = open("urlBenignas.txt","r")
    print(FILE_MALIGN,FILE_BENIGN)

def execute():
    #uploadFile()
    fileRead()
    print(URL_MALIGN)
    print(URL_BENIGN)

Step-by-Step Attack Scenario:
			1. The vulnerable code is found in the following file:
def uploadFile():
    FILE_MALIGN = open("urlMalignas.txt","r")
    FILE_BENIGN = open("urlBenignas.txt","r")
    print(FILE_MALIGN,FILE_BENIGN)

def execute():
    #uploadFile()
    fileRead()
    print(URL_MALIGN)
    print(URL_BENIGN)

			2. An attacker could inject malicious SQL commands where the `execute(` pattern is used.
			3. For example, an attacker might craft a payload like:
Original intended input:
    user_input = "valid_input"

    Malicious input example:
    user_input = "' OR '1'='1"

    Resulting query transformation:
    Original: SELECT * FROM table WHERE field = 'valid_input'
    Malicious: SELECT * FROM table WHERE field = '' OR '1'='1'
    # This would bypass authentication or return all records
			4. When this malicious input is processed, the SQL query structure would be altered, potentially exposing or modifying sensitive data.
