159. Repo: kbaseincubator/valueadd
	File: cq
	URL: https://github.com/kbaseincubator/valueadd/blob/112553bc19d1d95bd2d40b38ac6be1876a945a8b/cq
	Vulnerable Pattern: .format(
	Attack Description: Using .format() for SQL queries can be vulnerable to SQL injection if user input is not properly sanitized.
	Vulnerable Code Snippet:
    elif sys.argv[1] == "all":
        jobs = crom.query(None)['results']
        for job in jobs:
            if 'name' not in job:
                job['name'] = ''
            print('{id} {name} {status}'.format(**job))
#                    {'end': '2022-07-23T16:36:42.248Z', 'id': '33341eaa-cf0b-4515-ba45-c996fe759279', 'metadataArchiveStatus': 'Unarchived', 'name': 'gtdbtk2re', 'start': '2022-07-23T16:36:20.575Z', 'status': 'Succeeded', 'submission': '2022-07-23T16:36:01.174Z'}


Step-by-Step Attack Scenario:
			1. The vulnerable code is found in the following file:
    elif sys.argv[1] == "all":
        jobs = crom.query(None)['results']
        for job in jobs:
            if 'name' not in job:
                job['name'] = ''
            print('{id} {name} {status}'.format(**job))
#                    {'end': '2022-07-23T16:36:42.248Z', 'id': '33341eaa-cf0b-4515-ba45-c996fe759279', 'metadataArchiveStatus': 'Unarchived', 'name': 'gtdbtk2re', 'start': '2022-07-23T16:36:20.575Z', 'status': 'Succeeded', 'submission': '2022-07-23T16:36:01.174Z'}


			2. An attacker could inject malicious SQL commands where the `.format(` pattern is used.
			3. For example, an attacker might craft a payload like:
Original intended input:
    user_input = "valid_input"

    Malicious input example:
    user_input = "' OR '1'='1"

    Resulting query transformation:
    Original: SELECT * FROM table WHERE field = 'valid_input'
    Malicious: SELECT * FROM table WHERE field = '' OR '1'='1'
    # This would bypass authentication or return all records
			4. When this malicious input is processed, the SQL query structure would be altered, potentially exposing or modifying sensitive data.
