189. Repo: keitaroemotion/gt
	File: gt
	URL: https://github.com/keitaroemotion/gt/blob/c7ae226fb86807df69fb48b55f54d94ac47dedc9/gt
	Vulnerable Pattern: .format(
	Attack Description: Using .format() for SQL queries can be vulnerable to SQL injection if user input is not properly sanitized.
	Vulnerable Code Snippet:
def copy_to_clipboard(text):
    os.system("echo '%s' | pbcopy" % text)

def puts(x):
    try:
        print "{}: {} {}".format(
            x[0],
            x[1],
            reduce(lambda x, y: x + y, x[2]))[0:70] + ".."
    except TypeError:        
        pass
Step-by-Step Attack Scenario:
			1. The vulnerable code is found in the following file:
def copy_to_clipboard(text):
    os.system("echo '%s' | pbcopy" % text)

def puts(x):
    try:
        print "{}: {} {}".format(
            x[0],
            x[1],
            reduce(lambda x, y: x + y, x[2]))[0:70] + ".."
    except TypeError:        
        pass
			2. An attacker could inject malicious SQL commands where the `.format(` pattern is used.
			3. For example, an attacker might craft a payload like:
Original intended input:
    user_input = "valid_input"

    Malicious input example:
    user_input = "' OR '1'='1"

    Resulting query transformation:
    Original: SELECT * FROM table WHERE field = 'valid_input'
    Malicious: SELECT * FROM table WHERE field = '' OR '1'='1'
    # This would bypass authentication or return all records
			4. When this malicious input is processed, the SQL query structure would be altered, potentially exposing or modifying sensitive data.
