179. Repo: marler8997/genesis
	File: gen
	URL: https://github.com/marler8997/genesis/blob/f6d6991a91bf298d5e0b87aa226a56594c169676/gen
	Vulnerable Pattern: .format(
	Attack Description: Using .format() for SQL queries can be vulnerable to SQL injection if user input is not properly sanitized.
	Vulnerable Code Snippet:
    basename_set = {}
    for _,gen_obj in obj_set.hash_name_map.items():
        filename = make_local_obj_filename(gen_obj)
        basename_set[os.path.basename(filename)] = True
        if os.path.exists(filename):
            log.verbose("{} (already exists)".format(filename))
        else:
            tmp = filename + ".tmp"
            with open(tmp, "w") as file:
                file.write(gen_obj.get_hashdata())
            log.rename(tmp, filename)
Step-by-Step Attack Scenario:
			1. The vulnerable code is found in the following file:
    basename_set = {}
    for _,gen_obj in obj_set.hash_name_map.items():
        filename = make_local_obj_filename(gen_obj)
        basename_set[os.path.basename(filename)] = True
        if os.path.exists(filename):
            log.verbose("{} (already exists)".format(filename))
        else:
            tmp = filename + ".tmp"
            with open(tmp, "w") as file:
                file.write(gen_obj.get_hashdata())
            log.rename(tmp, filename)
			2. An attacker could inject malicious SQL commands where the `.format(` pattern is used.
			3. For example, an attacker might craft a payload like:
Original intended input:
    user_input = "valid_input"

    Malicious input example:
    user_input = "' OR '1'='1"

    Resulting query transformation:
    Original: SELECT * FROM table WHERE field = 'valid_input'
    Malicious: SELECT * FROM table WHERE field = '' OR '1'='1'
    # This would bypass authentication or return all records
			4. When this malicious input is processed, the SQL query structure would be altered, potentially exposing or modifying sensitive data.
