194. Repo: marvin-jens/fast_ska
	File: ska
	URL: https://github.com/marvin-jens/fast_ska/blob/e3476ec09c9ad5ba7e39d31546d3194c3d87f298/ska
	Vulnerable Pattern: .format(
	Attack Description: Using .format() for SQL queries can be vulnerable to SQL injection if user input is not properly sanitized.
	Vulnerable Code Snippet:


class RBNSReads(object):
    def __init__(self, fname, chunklines=2000000):
        self.logger = logging.getLogger('RBNSReads')
        self.logger.info('reading sequences from {fname}'.format(fname=fname) )
        
        # load and keep all sequences in memory (numerically A=0,...T=3 )
        t0 = time.time()
        self.seqm = ska_kmers.read_raw_seqs_chunked(file(fname), chunklines=chunklines)
        self.N, self.L = self.seqm.shape
Step-by-Step Attack Scenario:
			1. The vulnerable code is found in the following file:


class RBNSReads(object):
    def __init__(self, fname, chunklines=2000000):
        self.logger = logging.getLogger('RBNSReads')
        self.logger.info('reading sequences from {fname}'.format(fname=fname) )
        
        # load and keep all sequences in memory (numerically A=0,...T=3 )
        t0 = time.time()
        self.seqm = ska_kmers.read_raw_seqs_chunked(file(fname), chunklines=chunklines)
        self.N, self.L = self.seqm.shape
			2. An attacker could inject malicious SQL commands where the `.format(` pattern is used.
			3. For example, an attacker might craft a payload like:
Original intended input:
    user_input = "valid_input"

    Malicious input example:
    user_input = "' OR '1'='1"

    Resulting query transformation:
    Original: SELECT * FROM table WHERE field = 'valid_input'
    Malicious: SELECT * FROM table WHERE field = '' OR '1'='1'
    # This would bypass authentication or return all records
			4. When this malicious input is processed, the SQL query structure would be altered, potentially exposing or modifying sensitive data.
