165. Repo: matthewjf/kll
	File: kll
	URL: https://github.com/matthewjf/kll/blob/e5635e9322ac1edf8e6a0c01c88d45da7b48e328/kll
	Vulnerable Pattern: .format(
	Attack Description: Using .format() for SQL queries can be vulnerable to SQL injection if user input is not properly sanitized.
	Vulnerable Code Snippet:
	Validate that file exists

	@param filename: Path to file
	'''
	if not os.path.isfile( filename ):
		print ( "{0} {1} does not exist...".format( ERROR, filename ) )
		sys.exit( 1 )

def command_line_args( control ):
	'''
	Initialize argparse and process all command line arguments
Step-by-Step Attack Scenario:
			1. The vulnerable code is found in the following file:
	Validate that file exists

	@param filename: Path to file
	'''
	if not os.path.isfile( filename ):
		print ( "{0} {1} does not exist...".format( ERROR, filename ) )
		sys.exit( 1 )

def command_line_args( control ):
	'''
	Initialize argparse and process all command line arguments
			2. An attacker could inject malicious SQL commands where the `.format(` pattern is used.
			3. For example, an attacker might craft a payload like:
Original intended input:
    user_input = "valid_input"

    Malicious input example:
    user_input = "' OR '1'='1"

    Resulting query transformation:
    Original: SELECT * FROM table WHERE field = 'valid_input'
    Malicious: SELECT * FROM table WHERE field = '' OR '1'='1'
    # This would bypass authentication or return all records
			4. When this malicious input is processed, the SQL query structure would be altered, potentially exposing or modifying sensitive data.
