106. Repo: MayaraCloud/apt-transport-s3
	File: s3
	URL: https://github.com/MayaraCloud/apt-transport-s3/blob/2acf0142f8442e6c4e0e08eb0a5daca893e9e472/s3
	Vulnerable Pattern: .format(
	Attack Description: Using .format() for SQL queries can be vulnerable to SQL injection if user input is not properly sanitized.
	Vulnerable Code Snippet:
            host = config['Endpoint']
        else:
            if self.region in list(SPECIAL_REGION_ENDPOINTS.keys()):
                host = SPECIAL_REGION_ENDPOINTS[self.region]
            else:
                host = 's3.{}.amazonaws.com'.format(self.region)

        return host

    def __get_path_style(self, config) -> bool:
        """ Check if path style addressing is configured in the config file, if
Step-by-Step Attack Scenario:
			1. The vulnerable code is found in the following file:
            host = config['Endpoint']
        else:
            if self.region in list(SPECIAL_REGION_ENDPOINTS.keys()):
                host = SPECIAL_REGION_ENDPOINTS[self.region]
            else:
                host = 's3.{}.amazonaws.com'.format(self.region)

        return host

    def __get_path_style(self, config) -> bool:
        """ Check if path style addressing is configured in the config file, if
			2. An attacker could inject malicious SQL commands where the `.format(` pattern is used.
			3. For example, an attacker might craft a payload like:
Original intended input:
    user_input = "valid_input"

    Malicious input example:
    user_input = "' OR '1'='1"

    Resulting query transformation:
    Original: SELECT * FROM table WHERE field = 'valid_input'
    Malicious: SELECT * FROM table WHERE field = '' OR '1'='1'
    # This would bypass authentication or return all records
			4. When this malicious input is processed, the SQL query structure would be altered, potentially exposing or modifying sensitive data.
