158. Repo: microbiomedata/workflow-scripts
	File: cq
	URL: https://github.com/microbiomedata/workflow-scripts/blob/540b1d4d1808fec69211a3d5a61b009044e2af14/cq
	Vulnerable Pattern: .format(
	Attack Description: Using .format() for SQL queries can be vulnerable to SQL injection if user input is not properly sanitized.
	Vulnerable Code Snippet:

    def list_jobs(self, status, type=None, key=None, value=None, labels=False):
            if status == 'All':
                query = "includeSubworkflows=false&additionalQueryResultFields=labels"
            elif key and value:
                query = "label={}:{}&additionalQueryResultFields=labels".format(key, value)
            elif labels:
            #query = "status=Succeeded&additionalQueryResultFields=labels&includeSubworkflows=false"
                query = "status={}&additionalQueryResultFields=labels&includeSubworkflows=false".format(status)
            else:
                query = "status={}".format(status)
Step-by-Step Attack Scenario:
			1. The vulnerable code is found in the following file:

    def list_jobs(self, status, type=None, key=None, value=None, labels=False):
            if status == 'All':
                query = "includeSubworkflows=false&additionalQueryResultFields=labels"
            elif key and value:
                query = "label={}:{}&additionalQueryResultFields=labels".format(key, value)
            elif labels:
            #query = "status=Succeeded&additionalQueryResultFields=labels&includeSubworkflows=false"
                query = "status={}&additionalQueryResultFields=labels&includeSubworkflows=false".format(status)
            else:
                query = "status={}".format(status)
			2. An attacker could inject malicious SQL commands where the `.format(` pattern is used.
			3. For example, an attacker might craft a payload like:
Original intended input:
    user_input = "valid_input"

    Malicious input example:
    user_input = "' OR '1'='1"

    Resulting query transformation:
    Original: SELECT * FROM table WHERE field = 'valid_input'
    Malicious: SELECT * FROM table WHERE field = '' OR '1'='1'
    # This would bypass authentication or return all records
			4. When this malicious input is processed, the SQL query structure would be altered, potentially exposing or modifying sensitive data.
