42. Repo: minibug1021/redditAccountArchiver
	File: a.py
	URL: https://github.com/minibug1021/redditAccountArchiver/blob/7ff16d95bfe59ef1a00789ee410ece3f32d9ec6f/a.py
	Vulnerable Pattern: execute(
	Attack Description: Direct execution of SQL queries with string concatenation can lead to SQL injection.
	Vulnerable Code Snippet:
		sys.exit()
print('Generating comment database...')
#creates db file with name of user
conn = sqlite3.connect('{}.db'.format(user))
c = conn.cursor()
c.execute('CREATE TABLE IF NOT EXISTS comments(permalink TEXT, subreddit TEXT, comment TEXT, score INTEGER, timestamp INTEGER, controversiality INTEGER, edited TEXT, score_hidden TEXT, gilded INTEGER, distinguished TEXT, author_flair_css_class TEXT, author_flair_text TEXT, comment_length INTEGER, comment_id TEXT)')


comments = {}
#adds the ID and comment object of the top 1k comments from Hot, New, etc. to our comments dict.

Step-by-Step Attack Scenario:
			1. The vulnerable code is found in the following file:
		sys.exit()
print('Generating comment database...')
#creates db file with name of user
conn = sqlite3.connect('{}.db'.format(user))
c = conn.cursor()
c.execute('CREATE TABLE IF NOT EXISTS comments(permalink TEXT, subreddit TEXT, comment TEXT, score INTEGER, timestamp INTEGER, controversiality INTEGER, edited TEXT, score_hidden TEXT, gilded INTEGER, distinguished TEXT, author_flair_css_class TEXT, author_flair_text TEXT, comment_length INTEGER, comment_id TEXT)')


comments = {}
#adds the ID and comment object of the top 1k comments from Hot, New, etc. to our comments dict.

			2. An attacker could inject malicious SQL commands where the `execute(` pattern is used.
			3. For example, an attacker might craft a payload like:
Original intended input:
    user_input = "valid_input"

    Malicious input example:
    user_input = "' OR '1'='1"

    Resulting query transformation:
    Original: SELECT * FROM table WHERE field = 'valid_input'
    Malicious: SELECT * FROM table WHERE field = '' OR '1'='1'
    # This would bypass authentication or return all records
			4. When this malicious input is processed, the SQL query structure would be altered, potentially exposing or modifying sensitive data.
