78. Repo: mmeisner/sshopenwrt
	File: ssho
	URL: https://github.com/mmeisner/sshopenwrt/blob/a7d5c2bd098ec187a7165f5e1487dfeef2bd0c8c/ssho
	Vulnerable Pattern: execute(
	Attack Description: Direct execution of SQL queries with string concatenation can lead to SQL injection.
	Vulnerable Code Snippet:
        ts = ""
    return f"{backup_basename}-{host}{ts}.tar.gz"

def cmd_backup(owrt:OpenWRT):
    if opt.list:
        out = owrt.execute("/sbin/sysupgrade -l")
        return

    host = opt.host
    if '@' in opt.host:
        host = opt.host.split("@")[-1]
Step-by-Step Attack Scenario:
			1. The vulnerable code is found in the following file:
        ts = ""
    return f"{backup_basename}-{host}{ts}.tar.gz"

def cmd_backup(owrt:OpenWRT):
    if opt.list:
        out = owrt.execute("/sbin/sysupgrade -l")
        return

    host = opt.host
    if '@' in opt.host:
        host = opt.host.split("@")[-1]
			2. An attacker could inject malicious SQL commands where the `execute(` pattern is used.
			3. For example, an attacker might craft a payload like:
Original intended input:
    user_input = "valid_input"

    Malicious input example:
    user_input = "' OR '1'='1"

    Resulting query transformation:
    Original: SELECT * FROM table WHERE field = 'valid_input'
    Malicious: SELECT * FROM table WHERE field = '' OR '1'='1'
    # This would bypass authentication or return all records
			4. When this malicious input is processed, the SQL query structure would be altered, potentially exposing or modifying sensitive data.
