153. Repo: mozilla/version-control-tools
	File: run
	URL: https://github.com/mozilla/version-control-tools/blob/f549b60ecfd26a5143a380075dfaf6d8b9bb5e3c/run
	Vulnerable Pattern: .format(
	Attack Description: Using .format() for SQL queries can be vulnerable to SQL injection if user input is not properly sanitized.
	Vulnerable Code Snippet:
    user = getpass.getuser()

    uid, gid = get_user_uid_gid(user)
    docker_gid = get_gid("docker")

    env_content = ENV_FILE_TEMPLATE.format(
        uid=uid,
        gid=gid,
        docker_gid=docker_gid,
    )

Step-by-Step Attack Scenario:
			1. The vulnerable code is found in the following file:
    user = getpass.getuser()

    uid, gid = get_user_uid_gid(user)
    docker_gid = get_gid("docker")

    env_content = ENV_FILE_TEMPLATE.format(
        uid=uid,
        gid=gid,
        docker_gid=docker_gid,
    )

			2. An attacker could inject malicious SQL commands where the `.format(` pattern is used.
			3. For example, an attacker might craft a payload like:
Original intended input:
    user_input = "valid_input"

    Malicious input example:
    user_input = "' OR '1'='1"

    Resulting query transformation:
    Original: SELECT * FROM table WHERE field = 'valid_input'
    Malicious: SELECT * FROM table WHERE field = '' OR '1'='1'
    # This would bypass authentication or return all records
			4. When this malicious input is processed, the SQL query structure would be altered, potentially exposing or modifying sensitive data.
