39. Repo: NCEAS/nceas-gsuite-tool
	File: ngt
	URL: https://github.com/NCEAS/nceas-gsuite-tool/blob/39800f5555ab9098b923c46d80bfd75c6e656515/ngt
	Vulnerable Pattern: execute(
	Attack Description: Direct execution of SQL queries with string concatenation can lead to SQL injection.
	Vulnerable Code Snippet:
def list_users(service):
    """List first 10 users in the domain
    """
    print('Getting the first 10 users in the domain')
    results = service.users().list(customer='my_customer', maxResults=10,
                                orderBy='email').execute()
    users = results.get('users', [])

    if not users:
        print('No users in the domain.')
    else:
Step-by-Step Attack Scenario:
			1. The vulnerable code is found in the following file:
def list_users(service):
    """List first 10 users in the domain
    """
    print('Getting the first 10 users in the domain')
    results = service.users().list(customer='my_customer', maxResults=10,
                                orderBy='email').execute()
    users = results.get('users', [])

    if not users:
        print('No users in the domain.')
    else:
			2. An attacker could inject malicious SQL commands where the `execute(` pattern is used.
			3. For example, an attacker might craft a payload like:
Original intended input:
    user_input = "valid_input"

    Malicious input example:
    user_input = "' OR '1'='1"

    Resulting query transformation:
    Original: SELECT * FROM table WHERE field = 'valid_input'
    Malicious: SELECT * FROM table WHERE field = '' OR '1'='1'
    # This would bypass authentication or return all records
			4. When this malicious input is processed, the SQL query structure would be altered, potentially exposing or modifying sensitive data.
