62. Repo: nicinabox/keymaps
	File: qmk
	URL: https://github.com/nicinabox/keymaps/blob/2f0e1fe11184a232c5e3836b9c34484ea5dbfd19/qmk
	Vulnerable Pattern: execute(
	Attack Description: Direct execution of SQL queries with string concatenation can lead to SQL injection.
	Vulnerable Code Snippet:
            shutil.rmtree(self.qmk_keymap_dir)

        if os.path.exists(self.qmk_user_dir):
            shutil.rmtree(self.qmk_user_dir)

    def execute(self, script):
        subprocess.run(script, cwd=QMK_ROOT, stderr=subprocess.STDOUT, shell=True)

    def build(self):
        self.execute('make {}:{}'.format(self.keyboard_target, self.user))

Step-by-Step Attack Scenario:
			1. The vulnerable code is found in the following file:
            shutil.rmtree(self.qmk_keymap_dir)

        if os.path.exists(self.qmk_user_dir):
            shutil.rmtree(self.qmk_user_dir)

    def execute(self, script):
        subprocess.run(script, cwd=QMK_ROOT, stderr=subprocess.STDOUT, shell=True)

    def build(self):
        self.execute('make {}:{}'.format(self.keyboard_target, self.user))

			2. An attacker could inject malicious SQL commands where the `execute(` pattern is used.
			3. For example, an attacker might craft a payload like:
Original intended input:
    user_input = "valid_input"

    Malicious input example:
    user_input = "' OR '1'='1"

    Resulting query transformation:
    Original: SELECT * FROM table WHERE field = 'valid_input'
    Malicious: SELECT * FROM table WHERE field = '' OR '1'='1'
    # This would bypass authentication or return all records
			4. When this malicious input is processed, the SQL query structure would be altered, potentially exposing or modifying sensitive data.
