28. Repo: only55/opsjobstool
	File: 1.py
	URL: https://github.com/only55/opsjobstool/blob/f4cfcb269c740270d05577c49db406c7113909e0/1.py
	Vulnerable Pattern: execute(
	Attack Description: Direct execution of SQL queries with string concatenation can lead to SQL injection.
	Vulnerable Code Snippet:
import sqlite3


conn = sqlite3.connect('db.sqlite3')
c = conn.cursor()
c.execute("DELETE from user_task;")
c.execute("DELETE from user_task_command;")
c.execute("DELETE from user_task_command_args;")
c.execute("DELETE from event_log;")

conn.commit()
Step-by-Step Attack Scenario:
			1. The vulnerable code is found in the following file:
import sqlite3


conn = sqlite3.connect('db.sqlite3')
c = conn.cursor()
c.execute("DELETE from user_task;")
c.execute("DELETE from user_task_command;")
c.execute("DELETE from user_task_command_args;")
c.execute("DELETE from event_log;")

conn.commit()
			2. An attacker could inject malicious SQL commands where the `execute(` pattern is used.
			3. For example, an attacker might craft a payload like:
Original intended input:
    user_input = "valid_input"

    Malicious input example:
    user_input = "' OR '1'='1"

    Resulting query transformation:
    Original: SELECT * FROM table WHERE field = 'valid_input'
    Malicious: SELECT * FROM table WHERE field = '' OR '1'='1'
    # This would bypass authentication or return all records
			4. When this malicious input is processed, the SQL query structure would be altered, potentially exposing or modifying sensitive data.
