190. Repo: OpenOmics/nih-box
	File: bx
	URL: https://github.com/OpenOmics/nih-box/blob/da7238f9136127a2b9ff7651a93f400802cfb7ca/bx
	Vulnerable Pattern: .format(
	Attack Description: Using .format() for SQL queries can be vulnerable to SQL injection if user input is not properly sanitized.
	Vulnerable Code Snippet:
    @param description <str>:
        Short description of pipeline or command-line tool 
    """
    # Add styled name and description
    c = Colors
    styled_name = "{0}{1}{2}bx{3}".format(c.bold, c.bg_black, c.cyan, c.end)
    description = "{0}{1}{2}".format(c.bold, description, c.end)

    # Create a top-level parser
    parser = argparse.ArgumentParser(description = '{}: {}'.format(styled_name, description))

Step-by-Step Attack Scenario:
			1. The vulnerable code is found in the following file:
    @param description <str>:
        Short description of pipeline or command-line tool 
    """
    # Add styled name and description
    c = Colors
    styled_name = "{0}{1}{2}bx{3}".format(c.bold, c.bg_black, c.cyan, c.end)
    description = "{0}{1}{2}".format(c.bold, description, c.end)

    # Create a top-level parser
    parser = argparse.ArgumentParser(description = '{}: {}'.format(styled_name, description))

			2. An attacker could inject malicious SQL commands where the `.format(` pattern is used.
			3. For example, an attacker might craft a payload like:
Original intended input:
    user_input = "valid_input"

    Malicious input example:
    user_input = "' OR '1'='1"

    Resulting query transformation:
    Original: SELECT * FROM table WHERE field = 'valid_input'
    Malicious: SELECT * FROM table WHERE field = '' OR '1'='1'
    # This would bypass authentication or return all records
			4. When this malicious input is processed, the SQL query structure would be altered, potentially exposing or modifying sensitive data.
