90. Repo: ortonormal2007/snake
	File: g.py
	URL: https://github.com/ortonormal2007/snake/blob/4596603609a06bd9b8794b3287913cc83182080c/g.py
	Vulnerable Pattern: execute(
	Attack Description: Direct execution of SQL queries with string concatenation can lead to SQL injection.
	Vulnerable Code Snippet:
        self.conn = psycopg2.connect(**config)
        self.__initdb()

    def __initdb(self):
        with self.conn.cursor() as cur:
            cur.execute("CREATE SCHEMA IF NOT EXISTS myschema;")
            cur.execute(
                "CREATE TABLE IF NOT EXISTS myschema.results (idx serial PRIMARY KEY, score integer, name VARCHAR(40) not null);"
            )
        return

Step-by-Step Attack Scenario:
			1. The vulnerable code is found in the following file:
        self.conn = psycopg2.connect(**config)
        self.__initdb()

    def __initdb(self):
        with self.conn.cursor() as cur:
            cur.execute("CREATE SCHEMA IF NOT EXISTS myschema;")
            cur.execute(
                "CREATE TABLE IF NOT EXISTS myschema.results (idx serial PRIMARY KEY, score integer, name VARCHAR(40) not null);"
            )
        return

			2. An attacker could inject malicious SQL commands where the `execute(` pattern is used.
			3. For example, an attacker might craft a payload like:
Original intended input:
    user_input = "valid_input"

    Malicious input example:
    user_input = "' OR '1'='1"

    Resulting query transformation:
    Original: SELECT * FROM table WHERE field = 'valid_input'
    Malicious: SELECT * FROM table WHERE field = '' OR '1'='1'
    # This would bypass authentication or return all records
			4. When this malicious input is processed, the SQL query structure would be altered, potentially exposing or modifying sensitive data.
