73. Repo: pa3hcm/wtr
	File: wtr
	URL: https://github.com/pa3hcm/wtr/blob/33e778dfff28259ff6dd053c34a8494d5a4d71ce/wtr
	Vulnerable Pattern: execute(
	Attack Description: Direct execution of SQL queries with string concatenation can lead to SQL injection.
	Vulnerable Code Snippet:

    db_conn = sqlite3.connect(get_cache_db_filename())
    cursor = db_conn.cursor()

    # Create table AquoMetadataLijst
    cursor.execute(
        """CREATE TABLE IF NOT EXISTS AquoMetadataLijst (
        AquoMetadata_MessageID INTEGER PRIMARY KEY AUTOINCREMENT,
        Parameter_Wat_Omschrijving TEXT NOT NULL,
        Compartiment_Code TEXT NOT NULL,
        Compartiment_Omschrijving TEXT NOT NULL,
Step-by-Step Attack Scenario:
			1. The vulnerable code is found in the following file:

    db_conn = sqlite3.connect(get_cache_db_filename())
    cursor = db_conn.cursor()

    # Create table AquoMetadataLijst
    cursor.execute(
        """CREATE TABLE IF NOT EXISTS AquoMetadataLijst (
        AquoMetadata_MessageID INTEGER PRIMARY KEY AUTOINCREMENT,
        Parameter_Wat_Omschrijving TEXT NOT NULL,
        Compartiment_Code TEXT NOT NULL,
        Compartiment_Omschrijving TEXT NOT NULL,
			2. An attacker could inject malicious SQL commands where the `execute(` pattern is used.
			3. For example, an attacker might craft a payload like:
Original intended input:
    user_input = "valid_input"

    Malicious input example:
    user_input = "' OR '1'='1"

    Resulting query transformation:
    Original: SELECT * FROM table WHERE field = 'valid_input'
    Malicious: SELECT * FROM table WHERE field = '' OR '1'='1'
    # This would bypass authentication or return all records
			4. When this malicious input is processed, the SQL query structure would be altered, potentially exposing or modifying sensitive data.
