92. Repo: pcostesi/spy
	File: s.py
	URL: https://github.com/pcostesi/spy/blob/6a352df1053fea60dd6bbc9932bc946e8fae1e3e/s.py
	Vulnerable Pattern: execute(
	Attack Description: Direct execution of SQL queries with string concatenation can lead to SQL injection.
	Vulnerable Code Snippet:
import sys

compiler = Compiler(open(sys.argv[1], "rb"))
bytecode = compiler.compile()
vm = VM(bytecode)
print vm.execute(*sys.argv[2:])
Step-by-Step Attack Scenario:
			1. The vulnerable code is found in the following file:
import sys

compiler = Compiler(open(sys.argv[1], "rb"))
bytecode = compiler.compile()
vm = VM(bytecode)
print vm.execute(*sys.argv[2:])
			2. An attacker could inject malicious SQL commands where the `execute(` pattern is used.
			3. For example, an attacker might craft a payload like:
Original intended input:
    user_input = "valid_input"

    Malicious input example:
    user_input = "' OR '1'='1"

    Resulting query transformation:
    Original: SELECT * FROM table WHERE field = 'valid_input'
    Malicious: SELECT * FROM table WHERE field = '' OR '1'='1'
    # This would bypass authentication or return all records
			4. When this malicious input is processed, the SQL query structure would be altered, potentially exposing or modifying sensitive data.
