156. Repo: philipgreat/image-backend-editor
	File: x.py
	URL: https://github.com/philipgreat/image-backend-editor/blob/8d31ccd3588f349e514ab256b0e7e29816923a54/x.py
	Vulnerable Pattern: .format(
	Attack Description: Using .format() for SQL queries can be vulnerable to SQL injection if user input is not properly sanitized.
	Vulnerable Code Snippet:
        x, y , w, h = cv2.boundingRect(approx)
        aspectRatio = float(w)/h
        #print(aspectRatio)
        if h>60:
            #counter=counter+1
            #print("values-{:.0f} ".format(counter), x, y,w,h )
            #print("values-{:.0f} ".format(counter), x*ratio, y*ratio,w*ratio,h*ratio )
            #print("values-{:.0f} ".format(counter),"left: ","{:.02f}px;".format(x*ratio), "top: ","{:.02f}px;".format(y*ratio), "width: ","{:.02f}px;".format(w*ratio-5), "height: ","{:.02f}px;".format(h*ratio) )
            subArea = imgGry[y+2:y+h-4,x+2:x+w-4]

            mask = cv2.inRange(subArea, 0, 127)
Step-by-Step Attack Scenario:
			1. The vulnerable code is found in the following file:
        x, y , w, h = cv2.boundingRect(approx)
        aspectRatio = float(w)/h
        #print(aspectRatio)
        if h>60:
            #counter=counter+1
            #print("values-{:.0f} ".format(counter), x, y,w,h )
            #print("values-{:.0f} ".format(counter), x*ratio, y*ratio,w*ratio,h*ratio )
            #print("values-{:.0f} ".format(counter),"left: ","{:.02f}px;".format(x*ratio), "top: ","{:.02f}px;".format(y*ratio), "width: ","{:.02f}px;".format(w*ratio-5), "height: ","{:.02f}px;".format(h*ratio) )
            subArea = imgGry[y+2:y+h-4,x+2:x+w-4]

            mask = cv2.inRange(subArea, 0, 127)
			2. An attacker could inject malicious SQL commands where the `.format(` pattern is used.
			3. For example, an attacker might craft a payload like:
Original intended input:
    user_input = "valid_input"

    Malicious input example:
    user_input = "' OR '1'='1"

    Resulting query transformation:
    Original: SELECT * FROM table WHERE field = 'valid_input'
    Malicious: SELECT * FROM table WHERE field = '' OR '1'='1'
    # This would bypass authentication or return all records
			4. When this malicious input is processed, the SQL query structure would be altered, potentially exposing or modifying sensitive data.
