29. Repo: plaimi/q
	File: q
	URL: https://github.com/plaimi/q/blob/3a01aa2cabeec688b19463750cdf4411233b2923/q
	Vulnerable Pattern: execute(
	Attack Description: Direct execution of SQL queries with string concatenation can lead to SQL injection.
	Vulnerable Code Snippet:
        self.winner = ''
        self.question = ''
        self.recently_asked = []
        self.db = sqlite3.connect(config.hiscoresdb)
        self.dbcur = self.db.cursor()
        self.dbcur.execute('CREATE TABLE IF NOT EXISTS hiscore (quizzer TEXT'
                           ' unique, wins INTEGER)')
        self.db.commit()
        self.hunger = 0
        self.complained = False
        irc.IRCClient.connectionMade(self)
Step-by-Step Attack Scenario:
			1. The vulnerable code is found in the following file:
        self.winner = ''
        self.question = ''
        self.recently_asked = []
        self.db = sqlite3.connect(config.hiscoresdb)
        self.dbcur = self.db.cursor()
        self.dbcur.execute('CREATE TABLE IF NOT EXISTS hiscore (quizzer TEXT'
                           ' unique, wins INTEGER)')
        self.db.commit()
        self.hunger = 0
        self.complained = False
        irc.IRCClient.connectionMade(self)
			2. An attacker could inject malicious SQL commands where the `execute(` pattern is used.
			3. For example, an attacker might craft a payload like:
Original intended input:
    user_input = "valid_input"

    Malicious input example:
    user_input = "' OR '1'='1"

    Resulting query transformation:
    Original: SELECT * FROM table WHERE field = 'valid_input'
    Malicious: SELECT * FROM table WHERE field = '' OR '1'='1'
    # This would bypass authentication or return all records
			4. When this malicious input is processed, the SQL query structure would be altered, potentially exposing or modifying sensitive data.
