166. Repo: rcbensley/mqm
	File: mqm
	URL: https://github.com/rcbensley/mqm/blob/872fcde84c7a00ac4fa8e8ae33743d31b043a92e/mqm
	Vulnerable Pattern: .format(
	Attack Description: Using .format() for SQL queries can be vulnerable to SQL injection if user input is not properly sanitized.
	Vulnerable Code Snippet:
    q = list([(h[0], int(h[1]), sql) for h in hosts])
    return q


def query(hostname: str, port: int, sql: str):
    title = "{hostname}:{port}".format(hostname=hostname, port=port)
    local_results = []
    db = pymysql.connect(host=hostname,
                         port=port,
                         read_default_file=DEFAULTS_FILE,
                         read_default_group=DEFAULTS_GROUP)
Step-by-Step Attack Scenario:
			1. The vulnerable code is found in the following file:
    q = list([(h[0], int(h[1]), sql) for h in hosts])
    return q


def query(hostname: str, port: int, sql: str):
    title = "{hostname}:{port}".format(hostname=hostname, port=port)
    local_results = []
    db = pymysql.connect(host=hostname,
                         port=port,
                         read_default_file=DEFAULTS_FILE,
                         read_default_group=DEFAULTS_GROUP)
			2. An attacker could inject malicious SQL commands where the `.format(` pattern is used.
			3. For example, an attacker might craft a payload like:
Original intended input:
    user_input = "valid_input"

    Malicious input example:
    user_input = "' OR '1'='1"

    Resulting query transformation:
    Original: SELECT * FROM table WHERE field = 'valid_input'
    Malicious: SELECT * FROM table WHERE field = '' OR '1'='1'
    # This would bypass authentication or return all records
			4. When this malicious input is processed, the SQL query structure would be altered, potentially exposing or modifying sensitive data.
