205. Repo: ROCm/hcc
	File: lib/rpt
	URL: https://github.com/ROCm/hcc/blob/df05d4fda454411e5ccb394796bfa3dbc5136918/lib/rpt
	Vulnerable Pattern: % %
	Attack Description: Using % string formatting in SQL queries can lead to SQL injection vulnerabilities.
	Vulnerable Code Snippet:
        if args.no_gaps and  self.type == "gap":
            None
        else:
            timeUs = self.totalCriticalTime / 1000.0;

            print "%13.2f%% %10.1f %8d %8.1f %8.1f %8.1f  %-30s" %\
                  (self.totalCriticalTime*100.0/totalTimeNs, timeUs,
                   self.refs,
                   timeUs/self.refs,  self.minTime/1000.0, self.maxTime/1000.0, self.name)


Step-by-Step Attack Scenario:
			1. The vulnerable code is found in the following file:
        if args.no_gaps and  self.type == "gap":
            None
        else:
            timeUs = self.totalCriticalTime / 1000.0;

            print "%13.2f%% %10.1f %8d %8.1f %8.1f %8.1f  %-30s" %\
                  (self.totalCriticalTime*100.0/totalTimeNs, timeUs,
                   self.refs,
                   timeUs/self.refs,  self.minTime/1000.0, self.maxTime/1000.0, self.name)


			2. An attacker could inject malicious SQL commands where the `% %` pattern is used.
			3. For example, an attacker might craft a payload like:
Original intended input:
    user_input = "valid_input"

    Malicious input example:
    user_input = "' OR '1'='1"

    Resulting query transformation:
    Original: SELECT * FROM table WHERE field = 'valid_input'
    Malicious: SELECT * FROM table WHERE field = '' OR '1'='1'
    # This would bypass authentication or return all records
			4. When this malicious input is processed, the SQL query structure would be altered, potentially exposing or modifying sensitive data.
