140. Repo: ryuichiueda/opy
	File: opy
	URL: https://github.com/ryuichiueda/opy/blob/fa5c01d3efb8eaa4001c3ea671eac6373d38073e/opy
	Vulnerable Pattern: .format(
	Attack Description: Using .format() for SQL queries can be vulnerable to SQL injection if user input is not properly sanitized.
	Vulnerable Code Snippet:
    print("opy " + __version__ + "\n", file=sys.stderr)
    print("Copyright 2021 " + __author__, file=sys.stderr)
    print("Released under " + __license__, file=sys.stderr)
    print(__url__, file=sys.stderr)
    print("\nYou are using Python {}.{}.{} with this command."
          .format(*sys.version_info[0:3]),
          file=sys.stderr)


class Rule:
    '''
Step-by-Step Attack Scenario:
			1. The vulnerable code is found in the following file:
    print("opy " + __version__ + "\n", file=sys.stderr)
    print("Copyright 2021 " + __author__, file=sys.stderr)
    print("Released under " + __license__, file=sys.stderr)
    print(__url__, file=sys.stderr)
    print("\nYou are using Python {}.{}.{} with this command."
          .format(*sys.version_info[0:3]),
          file=sys.stderr)


class Rule:
    '''
			2. An attacker could inject malicious SQL commands where the `.format(` pattern is used.
			3. For example, an attacker might craft a payload like:
Original intended input:
    user_input = "valid_input"

    Malicious input example:
    user_input = "' OR '1'='1"

    Resulting query transformation:
    Original: SELECT * FROM table WHERE field = 'valid_input'
    Malicious: SELECT * FROM table WHERE field = '' OR '1'='1'
    # This would bypass authentication or return all records
			4. When this malicious input is processed, the SQL query structure would be altered, potentially exposing or modifying sensitive data.
