98. Repo: SamzzBot/SamzzBot
	File: .py
	URL: https://github.com/SamzzBot/SamzzBot/blob/d1c2a7db0b1ba6644f56ee40b2f08d2dc858423c/.py
	Vulnerable Pattern: execute(
	Attack Description: Direct execution of SQL queries with string concatenation can lead to SQL injection.
	Vulnerable Code Snippet:
app = Client("bot", api_id=api_id, api_hash=api_hash, bot_token=bot_token)

# Database untuk mengelola langganan
conn = sqlite3.connect('subscriptions.db')
c = conn.cursor()
c.execute('''CREATE TABLE IF NOT EXISTS subscriptions (user_id INTEGER PRIMARY KEY, end_date TEXT)''')
conn.commit()

# Fungsi untuk memeriksa langganan
def check_subscription(user_id):
    c.execute('SELECT end_date FROM subscriptions WHERE user_id = ?', (user_id,))
Step-by-Step Attack Scenario:
			1. The vulnerable code is found in the following file:
app = Client("bot", api_id=api_id, api_hash=api_hash, bot_token=bot_token)

# Database untuk mengelola langganan
conn = sqlite3.connect('subscriptions.db')
c = conn.cursor()
c.execute('''CREATE TABLE IF NOT EXISTS subscriptions (user_id INTEGER PRIMARY KEY, end_date TEXT)''')
conn.commit()

# Fungsi untuk memeriksa langganan
def check_subscription(user_id):
    c.execute('SELECT end_date FROM subscriptions WHERE user_id = ?', (user_id,))
			2. An attacker could inject malicious SQL commands where the `execute(` pattern is used.
			3. For example, an attacker might craft a payload like:
Original intended input:
    user_id = "123"

    Malicious input that could expose all users:
    user_id = "123 OR 1=1"

    Resulting query:
    SELECT * FROM users WHERE id = 123 OR 1=1
    # This would return all users instead of just user 123
			4. When this malicious input is processed, the SQL query structure would be altered, potentially exposing or modifying sensitive data.
