46. Repo: scottt/scottt-bin
	File: gdbdis-via-gdb-python-scripting
	URL: https://github.com/scottt/scottt-bin/blob/aa464d439f8320b2299b9d467db582b0ec1a37bb/gdbdis-via-gdb-python-scripting
	Vulnerable Pattern: execute(
	Attack Description: Direct execution of SQL queries with string concatenation can lead to SQL injection.
	Vulnerable Code Snippet:
        cmdline = cmdline[:-1]
    if cmdline[0].endswith('gdb') and cmdline[1] == '--python':
        sys.argv = cmdline[2:]

def gdb_disassemble(exe, functions, options):
    gdb.execute('file %s' % (exe,))
    for i in functions:
        if options.raw_instructions or options.source:
            dis_options = '/'
        else:
            dis_options = ''
Step-by-Step Attack Scenario:
			1. The vulnerable code is found in the following file:
        cmdline = cmdline[:-1]
    if cmdline[0].endswith('gdb') and cmdline[1] == '--python':
        sys.argv = cmdline[2:]

def gdb_disassemble(exe, functions, options):
    gdb.execute('file %s' % (exe,))
    for i in functions:
        if options.raw_instructions or options.source:
            dis_options = '/'
        else:
            dis_options = ''
			2. An attacker could inject malicious SQL commands where the `execute(` pattern is used.
			3. For example, an attacker might craft a payload like:
Original intended input:
    user_input = "valid_input"

    Malicious input example:
    user_input = "' OR '1'='1"

    Resulting query transformation:
    Original: SELECT * FROM table WHERE field = 'valid_input'
    Malicious: SELECT * FROM table WHERE field = '' OR '1'='1'
    # This would bypass authentication or return all records
			4. When this malicious input is processed, the SQL query structure would be altered, potentially exposing or modifying sensitive data.
