108. Repo: smurfix/owslave
	File: cfg
	URL: https://github.com/smurfix/owslave/blob/9f64fb1c08155d5f4b33b9e4343188962ffa4a68/cfg
	Vulnerable Pattern: .format(
	Attack Description: Using .format() for SQL queries can be vulnerable to SQL injection if user input is not properly sanitized.
	Vulnerable Code Snippet:
    for i in range(int(s.subtree('devices',k,'types','temp'))):
        v = s.subtree('devices',k,'temp',str(i))
        driver,dev = v.split('=')
        if driver in seen:
            continue
        yield 'temp_{}.h'.format(driver)
        seen.add(driver)

def main(cfg_name,*kk):
    s = Cfg(cfg_name)
    if kk:
Step-by-Step Attack Scenario:
			1. The vulnerable code is found in the following file:
    for i in range(int(s.subtree('devices',k,'types','temp'))):
        v = s.subtree('devices',k,'temp',str(i))
        driver,dev = v.split('=')
        if driver in seen:
            continue
        yield 'temp_{}.h'.format(driver)
        seen.add(driver)

def main(cfg_name,*kk):
    s = Cfg(cfg_name)
    if kk:
			2. An attacker could inject malicious SQL commands where the `.format(` pattern is used.
			3. For example, an attacker might craft a payload like:
Original intended input:
    user_input = "valid_input"

    Malicious input example:
    user_input = "' OR '1'='1"

    Resulting query transformation:
    Original: SELECT * FROM table WHERE field = 'valid_input'
    Malicious: SELECT * FROM table WHERE field = '' OR '1'='1'
    # This would bypass authentication or return all records
			4. When this malicious input is processed, the SQL query structure would be altered, potentially exposing or modifying sensitive data.
