44. Repo: spjmurray/couchbase-operator-ci
	File: ci
	URL: https://github.com/spjmurray/couchbase-operator-ci/blob/e3873c52f6e7c56153a0d479d0f17993c443b6cb/ci
	Vulnerable Pattern: execute(
	Attack Description: Direct execution of SQL queries with string concatenation can lead to SQL injection.
	Vulnerable Code Snippet:
    """
    Helper functions for execution of external commands
    """

    @staticmethod
    def _execute(command, env):
        """Execute a command returning the exit code and output"""
        logging.debug('Executing command: %s', ' '.join(command))
        proc = subprocess.Popen(command, stdout=subprocess.PIPE, stderr=subprocess.PIPE, env=env)
        stdout, stderr = proc.communicate()
        return proc.returncode, stdout, stderr
Step-by-Step Attack Scenario:
			1. The vulnerable code is found in the following file:
    """
    Helper functions for execution of external commands
    """

    @staticmethod
    def _execute(command, env):
        """Execute a command returning the exit code and output"""
        logging.debug('Executing command: %s', ' '.join(command))
        proc = subprocess.Popen(command, stdout=subprocess.PIPE, stderr=subprocess.PIPE, env=env)
        stdout, stderr = proc.communicate()
        return proc.returncode, stdout, stderr
			2. An attacker could inject malicious SQL commands where the `execute(` pattern is used.
			3. For example, an attacker might craft a payload like:
Original intended input:
    user_input = "valid_input"

    Malicious input example:
    user_input = "' OR '1'='1"

    Resulting query transformation:
    Original: SELECT * FROM table WHERE field = 'valid_input'
    Malicious: SELECT * FROM table WHERE field = '' OR '1'='1'
    # This would bypass authentication or return all records
			4. When this malicious input is processed, the SQL query structure would be altered, potentially exposing or modifying sensitive data.
