157. Repo: staticafi/sbt-slowbeast
	File: sb
	URL: https://github.com/staticafi/sbt-slowbeast/blob/339b0f507e4d15e276321f96bea6839c22bed43c/sb
	Vulnerable Pattern: .format(
	Attack Description: Using .format() for SQL queries can be vulnerable to SQL injection if user input is not properly sanitized.
	Vulnerable Code Snippet:
    args = parser.parse_args()

    valid_step = ['block', 'instr']

    if not args.se_step in valid_step:
        err("Invalid -step argument, must be one of: {0}, got '{1}'".format(valid_step, args.step))

    return args

def print_stats(engine):
    if hasattr(engine, 'executor'):
Step-by-Step Attack Scenario:
			1. The vulnerable code is found in the following file:
    args = parser.parse_args()

    valid_step = ['block', 'instr']

    if not args.se_step in valid_step:
        err("Invalid -step argument, must be one of: {0}, got '{1}'".format(valid_step, args.step))

    return args

def print_stats(engine):
    if hasattr(engine, 'executor'):
			2. An attacker could inject malicious SQL commands where the `.format(` pattern is used.
			3. For example, an attacker might craft a payload like:
Original intended input:
    user_input = "valid_input"

    Malicious input example:
    user_input = "' OR '1'='1"

    Resulting query transformation:
    Original: SELECT * FROM table WHERE field = 'valid_input'
    Malicious: SELECT * FROM table WHERE field = '' OR '1'='1'
    # This would bypass authentication or return all records
			4. When this malicious input is processed, the SQL query structure would be altered, potentially exposing or modifying sensitive data.
