129. Repo: SudhagarS/rm-v2
	File: rm
	URL: https://github.com/SudhagarS/rm-v2/blob/3ee90c4bf3b94e32569b48518c1d83b8517f79ad/rm
	Vulnerable Pattern: .format(
	Attack Description: Using .format() for SQL queries can be vulnerable to SQL injection if user input is not properly sanitized.
	Vulnerable Code Snippet:
def uninstall():
  print 'Clearing bin...'
  call(['/bin/rm', '-rf', bin_path])
  #import sys, subprocess
  os.remove('/usr/local/bin/rm')
  #subprocess.Popen("python -c \"import os, time; time.sleep(1); os.remove('{}');\"".format('/usr/local/bin/rm'))
  print 'Uninstalled successfully.'


def clean_bin_directory():
  files = os.listdir(bin_path)
Step-by-Step Attack Scenario:
			1. The vulnerable code is found in the following file:
def uninstall():
  print 'Clearing bin...'
  call(['/bin/rm', '-rf', bin_path])
  #import sys, subprocess
  os.remove('/usr/local/bin/rm')
  #subprocess.Popen("python -c \"import os, time; time.sleep(1); os.remove('{}');\"".format('/usr/local/bin/rm'))
  print 'Uninstalled successfully.'


def clean_bin_directory():
  files = os.listdir(bin_path)
			2. An attacker could inject malicious SQL commands where the `.format(` pattern is used.
			3. For example, an attacker might craft a payload like:
Original intended input:
    user_input = "valid_input"

    Malicious input example:
    user_input = "' OR '1'='1"

    Resulting query transformation:
    Original: SELECT * FROM table WHERE field = 'valid_input'
    Malicious: SELECT * FROM table WHERE field = '' OR '1'='1'
    # This would bypass authentication or return all records
			4. When this malicious input is processed, the SQL query structure would be altered, potentially exposing or modifying sensitive data.
