79. Repo: thejorabek/Python
	File: a.py
	URL: https://github.com/thejorabek/Python/blob/62ac888dedd6fcb485f2f3a074a127b2b0c45d31/a.py
	Vulnerable Pattern: execute(
	Attack Description: Direct execution of SQL queries with string concatenation can lead to SQL injection.
	Vulnerable Code Snippet:

boglan = sqlite3.connect("customer.db")

kursor = boglan.cursor()

kursor.execute("""CREATE TABLE IF NOT EXISTS customer (
				  first_name TEXT,
				  last_name TEXT,
				  email TEXT
	)""")

Step-by-Step Attack Scenario:
			1. The vulnerable code is found in the following file:

boglan = sqlite3.connect("customer.db")

kursor = boglan.cursor()

kursor.execute("""CREATE TABLE IF NOT EXISTS customer (
				  first_name TEXT,
				  last_name TEXT,
				  email TEXT
	)""")

			2. An attacker could inject malicious SQL commands where the `execute(` pattern is used.
			3. For example, an attacker might craft a payload like:
Original intended input:
    user_input = "valid_input"

    Malicious input example:
    user_input = "' OR '1'='1"

    Resulting query transformation:
    Original: SELECT * FROM table WHERE field = 'valid_input'
    Malicious: SELECT * FROM table WHERE field = '' OR '1'='1'
    # This would bypass authentication or return all records
			4. When this malicious input is processed, the SQL query structure would be altered, potentially exposing or modifying sensitive data.
