186. Repo: tmacro-archive/evec
	File: evec
	URL: https://github.com/tmacro-archive/evec/blob/944bd8938a14905497aafd38ddf5ad21b0b15ca3/evec
	Vulnerable Pattern: .format(
	Attack Description: Using .format() for SQL queries can be vulnerable to SQL injection if user input is not properly sanitized.
	Vulnerable Code Snippet:
GITHUB_USER = 'tmacro'
GITHUB_REPO = 'evec'
GITHUB_BRANCH = 'master'
GITHUB_VERSION_FILE = 'VERSION'
GITHUB_SCRIPT_FILE = 'evec'
GITHUB_VERSION_URL = GITHUB_BASE_URL.format(
	user=GITHUB_USER,
	repo=GITHUB_REPO,
	branch=GITHUB_BRANCH,
	file=GITHUB_VERSION_FILE
)
Step-by-Step Attack Scenario:
			1. The vulnerable code is found in the following file:
GITHUB_USER = 'tmacro'
GITHUB_REPO = 'evec'
GITHUB_BRANCH = 'master'
GITHUB_VERSION_FILE = 'VERSION'
GITHUB_SCRIPT_FILE = 'evec'
GITHUB_VERSION_URL = GITHUB_BASE_URL.format(
	user=GITHUB_USER,
	repo=GITHUB_REPO,
	branch=GITHUB_BRANCH,
	file=GITHUB_VERSION_FILE
)
			2. An attacker could inject malicious SQL commands where the `.format(` pattern is used.
			3. For example, an attacker might craft a payload like:
Original intended input:
    user_input = "valid_input"

    Malicious input example:
    user_input = "' OR '1'='1"

    Resulting query transformation:
    Original: SELECT * FROM table WHERE field = 'valid_input'
    Malicious: SELECT * FROM table WHERE field = '' OR '1'='1'
    # This would bypass authentication or return all records
			4. When this malicious input is processed, the SQL query structure would be altered, potentially exposing or modifying sensitive data.
