113. Repo: tsyesika/p
	File: p
	URL: https://github.com/tsyesika/p/blob/aa4e7492a4e68e0c931481d83017a264be05dbee/p
	Vulnerable Pattern: .format(
	Attack Description: Using .format() for SQL queries can be vulnerable to SQL injection if user input is not properly sanitized.
	Vulnerable Code Snippet:
        self.error(message)
        sys.exit(1)

    def error(self, message):
        """ Produce an error message """
        error = "{0} {1}".format(click.style("[Error]", fg="red"), message)
        click.echo(error, file=self.stderr, color=self.color)

    def log(self, message, nl=True, **kwargs):
        """ Produce normal message """
        message = click.style(message, **kwargs)
Step-by-Step Attack Scenario:
			1. The vulnerable code is found in the following file:
        self.error(message)
        sys.exit(1)

    def error(self, message):
        """ Produce an error message """
        error = "{0} {1}".format(click.style("[Error]", fg="red"), message)
        click.echo(error, file=self.stderr, color=self.color)

    def log(self, message, nl=True, **kwargs):
        """ Produce normal message """
        message = click.style(message, **kwargs)
			2. An attacker could inject malicious SQL commands where the `.format(` pattern is used.
			3. For example, an attacker might craft a payload like:
Original intended input:
    user_input = "valid_input"

    Malicious input example:
    user_input = "' OR '1'='1"

    Resulting query transformation:
    Original: SELECT * FROM table WHERE field = 'valid_input'
    Malicious: SELECT * FROM table WHERE field = '' OR '1'='1'
    # This would bypass authentication or return all records
			4. When this malicious input is processed, the SQL query structure would be altered, potentially exposing or modifying sensitive data.
