110. Repo: urfave/gfmrun
	File: plz
	URL: https://github.com/urfave/gfmrun/blob/efb5a39b2c5102c7cfac739bdcd8e36a0bbffbd8/plz
	Vulnerable Pattern: .format(
	Attack Description: Using .format() for SQL queries can be vulnerable to SQL injection if user input is not properly sanitized.
	Vulnerable Code Snippet:
        'date': _print_date,
        'test-count': _print_test_count
    }

    if len(sysargs) < 2 or sysargs[1] in ('-h', '--help'):
        print('Usage: {} <{}> [whatever]'.format(
            os.path.basename(sysargs[0]), '|'.join(commands.keys()))
        )
        return 1

    func = commands[sysargs[1]]
Step-by-Step Attack Scenario:
			1. The vulnerable code is found in the following file:
        'date': _print_date,
        'test-count': _print_test_count
    }

    if len(sysargs) < 2 or sysargs[1] in ('-h', '--help'):
        print('Usage: {} <{}> [whatever]'.format(
            os.path.basename(sysargs[0]), '|'.join(commands.keys()))
        )
        return 1

    func = commands[sysargs[1]]
			2. An attacker could inject malicious SQL commands where the `.format(` pattern is used.
			3. For example, an attacker might craft a payload like:
Original intended input:
    user_input = "valid_input"

    Malicious input example:
    user_input = "' OR '1'='1"

    Resulting query transformation:
    Original: SELECT * FROM table WHERE field = 'valid_input'
    Malicious: SELECT * FROM table WHERE field = '' OR '1'='1'
    # This would bypass authentication or return all records
			4. When this malicious input is processed, the SQL query structure would be altered, potentially exposing or modifying sensitive data.
