139. Repo: vincentbernat/systemtap-cookbook
	File: php
	URL: https://github.com/vincentbernat/systemtap-cookbook/blob/6ac5e66ec5d102032580c63eb5a81cf8dd98a15c/php
	Vulnerable Pattern: .format(
	Attack Description: Using .format() for SQL queries can be vulnerable to SQL injection if user input is not properly sanitized.
	Vulnerable Code Snippet:
    }
    delete big;
{% endif %}
}
""")
    memfunc = "proc_mem_{}".format(
        dict(total="size").get(options.memtype, options.memtype))
    probe = probe.render(options=options,
                         memfunc=memfunc).encode("utf-8")
    stap.execute(probe, options)

Step-by-Step Attack Scenario:
			1. The vulnerable code is found in the following file:
    }
    delete big;
{% endif %}
}
""")
    memfunc = "proc_mem_{}".format(
        dict(total="size").get(options.memtype, options.memtype))
    probe = probe.render(options=options,
                         memfunc=memfunc).encode("utf-8")
    stap.execute(probe, options)

			2. An attacker could inject malicious SQL commands where the `.format(` pattern is used.
			3. For example, an attacker might craft a payload like:
Original intended input:
    user_input = "valid_input"

    Malicious input example:
    user_input = "' OR '1'='1"

    Resulting query transformation:
    Original: SELECT * FROM table WHERE field = 'valid_input'
    Malicious: SELECT * FROM table WHERE field = '' OR '1'='1'
    # This would bypass authentication or return all records
			4. When this malicious input is processed, the SQL query structure would be altered, potentially exposing or modifying sensitive data.
