20. Repo: VPanjeta/ModiScript
	File: MODI
	URL: https://github.com/VPanjeta/ModiScript/blob/c67cb9af238e485826ca5b186c4cce3ed7d8edf0/MODI
	Vulnerable Pattern: execute(
	Attack Description: Direct execution of SQL queries with string concatenation can lead to SQL injection.
	Vulnerable Code Snippet:
    # check existence
    if not os.path.isfile(filename):
        raise ErrorHandler(FNF, filename)
    # execute
    ms = ModiScript(DEBUG)
    ms.execute(filename)


if __name__ == '__main__':
    try:
        main()
Step-by-Step Attack Scenario:
			1. The vulnerable code is found in the following file:
    # check existence
    if not os.path.isfile(filename):
        raise ErrorHandler(FNF, filename)
    # execute
    ms = ModiScript(DEBUG)
    ms.execute(filename)


if __name__ == '__main__':
    try:
        main()
			2. An attacker could inject malicious SQL commands where the `execute(` pattern is used.
			3. For example, an attacker might craft a payload like:
Original intended input:
    user_input = "valid_input"

    Malicious input example:
    user_input = "' OR '1'='1"

    Resulting query transformation:
    Original: SELECT * FROM table WHERE field = 'valid_input'
    Malicious: SELECT * FROM table WHERE field = '' OR '1'='1'
    # This would bypass authentication or return all records
			4. When this malicious input is processed, the SQL query structure would be altered, potentially exposing or modifying sensitive data.
