59. Repo: xiaomatech/ops
	File: ops
	URL: https://github.com/xiaomatech/ops/blob/aeb9355e7ae9aec8404b6f6495c03175d79880e9/ops
	Vulnerable Pattern: execute(
	Attack Description: Direct execution of SQL queries with string concatenation can lead to SQL injection.
	Vulnerable Code Snippet:
        if len(data) > 0:
            return data
        else:
            return argv

    def execute(self, cmd):
        try:
            return os.popen(cmd).read()
        except Exception as err:
            logger.error(err)
            return ""
Step-by-Step Attack Scenario:
			1. The vulnerable code is found in the following file:
        if len(data) > 0:
            return data
        else:
            return argv

    def execute(self, cmd):
        try:
            return os.popen(cmd).read()
        except Exception as err:
            logger.error(err)
            return ""
			2. An attacker could inject malicious SQL commands where the `execute(` pattern is used.
			3. For example, an attacker might craft a payload like:
Original intended input:
    user_input = "valid_input"

    Malicious input example:
    user_input = "' OR '1'='1"

    Resulting query transformation:
    Original: SELECT * FROM table WHERE field = 'valid_input'
    Malicious: SELECT * FROM table WHERE field = '' OR '1'='1'
    # This would bypass authentication or return all records
			4. When this malicious input is processed, the SQL query structure would be altered, potentially exposing or modifying sensitive data.
