117. Repo: zeek/package-manager
	File: zkg
	URL: https://github.com/zeek/package-manager/blob/fd29b1923ba1074019765e17aa7811f02b196f82/zkg
	Vulnerable Pattern: .format(
	Attack Description: Using .format() for SQL queries can be vulnerable to SQL injection if user input is not properly sanitized.
	Vulnerable Code Snippet:

    zeekpaths = remove_redundant_paths(zeekpaths)
    pluginpaths = remove_redundant_paths(pluginpaths)

    if os.environ.get("SHELL", "").endswith("csh"):
        print("setenv ZEEKPATH {}".format(":".join(zeekpaths)))
        print("setenv ZEEK_PLUGIN_PATH {}".format(":".join(pluginpaths)))
        print(f"setenv PATH {manager.bin_dir}:$PATH")
    else:
        print("export ZEEKPATH={}".format(":".join(zeekpaths)))
        print("export ZEEK_PLUGIN_PATH={}".format(":".join(pluginpaths)))
Step-by-Step Attack Scenario:
			1. The vulnerable code is found in the following file:

    zeekpaths = remove_redundant_paths(zeekpaths)
    pluginpaths = remove_redundant_paths(pluginpaths)

    if os.environ.get("SHELL", "").endswith("csh"):
        print("setenv ZEEKPATH {}".format(":".join(zeekpaths)))
        print("setenv ZEEK_PLUGIN_PATH {}".format(":".join(pluginpaths)))
        print(f"setenv PATH {manager.bin_dir}:$PATH")
    else:
        print("export ZEEKPATH={}".format(":".join(zeekpaths)))
        print("export ZEEK_PLUGIN_PATH={}".format(":".join(pluginpaths)))
			2. An attacker could inject malicious SQL commands where the `.format(` pattern is used.
			3. For example, an attacker might craft a payload like:
Original intended input:
    user_input = "valid_input"

    Malicious input example:
    user_input = "' OR '1'='1"

    Resulting query transformation:
    Original: SELECT * FROM table WHERE field = 'valid_input'
    Malicious: SELECT * FROM table WHERE field = '' OR '1'='1'
    # This would bypass authentication or return all records
			4. When this malicious input is processed, the SQL query structure would be altered, potentially exposing or modifying sensitive data.
