60. Repo: divaldohelder08/Quiz
	File: js.js
	URL: https://github.com/divaldohelder08/Quiz/blob/e3e8ccecda282e2d9d5feb3b49a7ec822e81eadf/js.js
	Vulnerable Pattern: setInterval(
	Attack Description: setInterval can execute untrusted code repeatedly, making it vulnerable to persistent XSS attacks.
	Vulnerable Code Snippet:
  tempo = perguntas.length * 10
  indice = 0
  inicio.setAttribute("hidden", true)
  caixa.removeAttribute("hidden")
  tabuleiro()
  tempIntervalo = setInterval(() => {
    tempo--
    escreverTemp()
    if (tempo < 1) {
      audio.pause()
      audio1.play()
Step-by-Step Attack Scenario:
			1. The vulnerable code is found in the following file:
  tempo = perguntas.length * 10
  indice = 0
  inicio.setAttribute("hidden", true)
  caixa.removeAttribute("hidden")
  tabuleiro()
  tempIntervalo = setInterval(() => {
    tempo--
    escreverTemp()
    if (tempo < 1) {
      audio.pause()
      audio1.play()
			2. An attacker could inject a malicious script where the `setInterval(` pattern is used, exploiting this specific function in the code.
			3. For instance, an attacker might craft a payload like `<script>alert('XSS')</script>`, which would get injected here:
  tempo = perguntas.length * 10
  indice = 0
  inicio.setAttribute('<script>alert("XSS")</script>',"hidden", true)
  caixa.removeAttribute("hidden")
  tabuleiro()
  tempIntervalo = setInterval(() => {
    tempo--
    escreverTemp()
    if (tempo < 1) {
      audio.pause()
      audio1.play()
			4. When the browser renders this code, the malicious script executes, leading to an XSS attack.
