16. Repo: jes/cntdn
	File: ui.js
	URL: https://github.com/jes/cntdn/blob/ab83b5108948244988bc4d806f5598bcc294d22a/ui.js
	Vulnerable Pattern: document.write
	Attack Description: document.write injects content into the DOM, which can be exploited to add malicious JavaScript code.
	Vulnerable Code Snippet:
    document.getElementById('target').value = '';

    ui_solve_numbers();
}

document.write("<script src=\"dictionary.js\"></script>");
Step-by-Step Attack Scenario:
			1. The vulnerable code is found in the following file:
    document.getElementById('target').value = '';

    ui_solve_numbers();
}

document.write("<script src=\"dictionary.js\"></script>");
			2. An attacker could inject a malicious script where the `document.write` pattern is used, exploiting this specific function in the code.
			3. For instance, an attacker might craft a payload like `<script>alert('XSS')</script>`, which would get injected here:
    document.getElementById('target').value = '';

    ui_solve_numbers();
}

document.write("<script src=\"dictionary.js\"><script>alert("XSS")</script></script>");
			4. When the browser renders this code, the malicious script executes, leading to an XSS attack.
