13. Repo: play-co/js.io
	File: jsio
	URL: https://github.com/play-co/js.io/blob/369377ea92b4c9b41e6e646c1afaa785b598a753/jsio
	Vulnerable Pattern: document.write
	Attack Description: document.write injects content into the DOM, which can be exploited to add malicious JavaScript code.
	Vulnerable Code Snippet:
	compiler.stderr.on('data', function(data) { stderr.push(data); });
	compiler.on('exit', function(code) {
		if (code == 0) {
			cb(stdout.join(''));
		} else {
			cb('document.write("<h3>Compiler error</h3><pre>" + ' + JSON.stringify(stderr.join('')) + ' + "</pre>")');
		}
	});
	compiler.stdin.end();
}
Step-by-Step Attack Scenario:
			1. The vulnerable code is found in the following file:
	compiler.stderr.on('data', function(data) { stderr.push(data); });
	compiler.on('exit', function(code) {
		if (code == 0) {
			cb(stdout.join(''));
		} else {
			cb('document.write("<h3>Compiler error</h3><pre>" + ' + JSON.stringify(stderr.join('')) + ' + "</pre>")');
		}
	});
	compiler.stdin.end();
}
			2. An attacker could inject a malicious script where the `document.write` pattern is used, exploiting this specific function in the code.
			3. For instance, an attacker might craft a payload like `<script>alert('XSS')</script>`, which would get injected here:
	compiler.stderr.on('data', function(data) { stderr.push(data); });
	compiler.on('exit', function(code) {
		if (code == 0) {
			cb(stdout.join(''));
		} else {
			cb('document.write("<h3>Compiler error</h3><pre>" + ' + JSON.stringify(stderr.join('')) + ' + "</pre>")');
		}
	});
	compiler.stdin.end();
}
			4. When the browser renders this code, the malicious script executes, leading to an XSS attack.
