21. Repo: relevance/prototaculous
	File: jsspec/env.js
	URL: https://github.com/relevance/prototaculous/blob/8aaee246a492cd951e79daaf25c04bd1580313ca/jsspec/env.js
	Vulnerable Pattern: outerHTML
	Attack Description: outerHTML injects HTML into the DOM, allowing attackers to replace elements with malicious code.
	Vulnerable Code Snippet:
		toString: function(){
			return "Document" + (typeof this._file == "string" ?
				": " + this._file : "");
		},
		get innerHTML(){
			return this.documentElement.outerHTML;
		},
		
		get defaultView(){
			return {
				getComputedStyle: function(elem){
Step-by-Step Attack Scenario:
			1. The vulnerable code is found in the following file:
		toString: function(){
			return "Document" + (typeof this._file == "string" ?
				": " + this._file : "");
		},
		get innerHTML(){
			return this.documentElement.outerHTML;
		},
		
		get defaultView(){
			return {
				getComputedStyle: function(elem){
			2. An attacker could inject a malicious script where the `outerHTML` pattern is used, exploiting this specific function in the code.
			3. For instance, an attacker might craft a payload like `<script>alert('XSS')</script>`, which would get injected here:
		toString: function(){
			return "Document" + (typeof this._file == "string" ?
				": " + this._file : "");
		},
		get innerHTML(){
			return this.documentElement.outerHTML;
		},
		
		get defaultView(){
			return {
				getComputedStyle: function(elem){
			4. When the browser renders this code, the malicious script executes, leading to an XSS attack.
